[11934] 09 Feb 05:10:02 # Warning: no config file specified, using the default config. In order to specify a config file use 'redis-server /path/to/redis.conf'
[11934] 09 Feb 05:10:02 * Server started, Redis version 2.4.6
[11934] 09 Feb 05:10:02 # WARNING overcommit_memory is set to 0! Background save may fail under low memory condition. To fix this issue add 'vm.overcommit_memory = 1' to /etc/sysctl.conf and then reboot or run the command 'sysctl vm.overcommit_memory=1' for this to take effect.
[11934] 09 Feb 05:10:02 * The server is now ready to accept connections on port 6379
[11934] 09 Feb 05:10:02 - 0 clients connected (0 slaves), 717496 bytes in use
[11934] 09 Feb 05:10:07 - 0 clients connected (0 slaves), 717496 bytes in use
[11934] 09 Feb 05:10:09 - Accepted 127.0.0.1:58016
[11934] 09 Feb 05:10:12 - 1 clients connected (0 slaves), 726064 bytes in use
[11934] 09 Feb 05:10:17 - 1 clients connected (0 slaves), 726064 bytes in use
[11934] 09 Feb 05:10:22 - 1 clients connected (0 slaves), 726064 bytes in use
[11934] 09 Feb 05:10:27 - 1 clients connected (0 slaves), 726064 bytes in use
[11934] 09 Feb 05:10:32 - 1 clients connected (0 slaves), 726064 bytes in use
[11934] 09 Feb 05:10:37 - 1 clients connected (0 slaves), 726064 bytes in use
[11934] 09 Feb 05:10:42 - 1 clients connected (0 slaves), 726064 bytes in use
[11934] 09 Feb 05:10:46 - Client closed connection
[11934] 09 Feb 05:10:47 - DB 0: 1 keys (0 volatile) in 4 slots HT.
[11934] 09 Feb 05:10:47 - 0 clients connected (0 slaves), 718024 bytes in use
[11934] 09 Feb 05:10:52 - DB 0: 1 keys (0 volatile) in 4 slots HT.
[11934] 09 Feb 05:10:52 - 0 clients connected (0 slaves), 718024 bytes in use
[11934] 09 Feb 05:10:57 - DB 0: 1 keys (0 volatile) in 4 slots HT.
[11934] 09 Feb 05:10:57 - 0 clients connected (0 slaves), 718024 bytes in use
[11934] 09 Feb 05:11:02 - DB 0: 1 keys (0 volatile) in 4 slots HT.
[11934] 09 Feb 05:11:02 - 0 clients connected (0 slaves), 718024 bytes in use
[11934] 09 Feb 05:11:07 - DB 0: 1 keys (0 volatile) in 4 slots HT.
[11934] 09 Feb 05:11:07 - 0 clients connected (0 slaves), 718024 bytes in use
[11934] 09 Feb 05:11:12 - DB 0: 1 keys (0 volatile) in 4 slots HT.
[11934] 09 Feb 05:11:12 - 0 clients connected (0 slaves), 718024 bytes in use
[11934] 09 Feb 05:11:17 - DB 0: 1 keys (0 volatile) in 4 slots HT.
[11934] 09 Feb 05:11:17 - 0 clients connected (0 slaves), 718024 bytes in use
[11934] 09 Feb 05:11:22 - DB 0: 1 keys (0 volatile) in 4 slots HT.
[11934] 09 Feb 05:11:22 - 0 clients connected (0 slaves), 718024 bytes in use
[11934] 09 Feb 05:11:27 - DB 0: 1 keys (0 volatile) in 4 slots HT.
[11934] 09 Feb 05:11:27 - 0 clients connected (0 slaves), 718024 bytes in use
[11934] 09 Feb 05:11:32 - DB 0: 1 keys (0 volatile) in 4 slots HT.
[11934] 09 Feb 05:11:32 - 0 clients connected (0 slaves), 718024 bytes in use
[11934] 09 Feb 05:11:37 - DB 0: 1 keys (0 volatile) in 4 slots HT.
[11934] 09 Feb 05:11:37 - 0 clients connected (0 slaves), 718024 bytes in use
[11934] 09 Feb 05:11:42 - DB 0: 1 keys (0 volatile) in 4 slots HT.
[11934] 09 Feb 05:11:42 - 0 clients connected (0 slaves), 718024 bytes in use
[11934] 09 Feb 05:11:47 - DB 0: 1 keys (0 volatile) in 4 slots HT.
[11934] 09 Feb 05:11:47 - 0 clients connected (0 slaves), 718024 bytes in use
[11934] 09 Feb 05:11:52 - DB 0: 1 keys (0 volatile) in 4 slots HT.
[11934] 09 Feb 05:11:52 - 0 clients connected (0 slaves), 718024 bytes in use
[11934] 09 Feb 05:11:57 - DB 0: 1 keys (0 volatile) in 4 slots HT.
[11934] 09 Feb 05:11:57 - 0 clients connected (0 slaves), 718024 bytes in use
[11934] 09 Feb 05:12:02 - DB 0: 1 keys (0 volatile) in 4 slots HT.
[11934] 09 Feb 05:12:02 - 0 clients connected (0 slaves), 718024 bytes in use
[11934] 09 Feb 05:12:05 - Accepted 127.0.0.1:58125
[11934] 09 Feb 05:12:07 - DB 0: 1 keys (0 volatile) in 4 slots HT.
[11934] 09 Feb 05:12:07 - 1 clients connected (0 slaves), 726760 bytes in use
[11934] 09 Feb 05:12:12 - DB 0: 1 keys (0 volatile) in 4 slots HT.
[11934] 09 Feb 05:12:12 - 1 clients connected (0 slaves), 726760 bytes in use
[11934] 09 Feb 05:12:15 - Client closed connection
[11934] 09 Feb 05:12:16 - Accepted 127.0.0.1:58128
[11934] 09 Feb 05:12:17 - DB 0: 1 keys (0 volatile) in 4 slots HT.
[11934] 09 Feb 05:12:17 - 1 clients connected (0 slaves), 726592 bytes in use
[11934] 09 Feb 05:12:22 - DB 0: 1 keys (0 volatile) in 4 slots HT.
[11934] 09 Feb 05:12:22 - 1 clients connected (0 slaves), 726760 bytes in use
[11934] 09 Feb 05:12:27 - DB 0: 1 keys (0 volatile) in 4 slots HT.
[11934] 09 Feb 05:12:27 - 1 clients connected (0 slaves), 726760 bytes in use
[11934] 09 Feb 05:12:32 - DB 0: 1 keys (0 volatile) in 4 slots HT.
[11934] 09 Feb 05:12:32 - 1 clients connected (0 slaves), 726760 bytes in use
[11934] 09 Feb 05:12:37 - DB 0: 1 keys (0 volatile) in 4 slots HT.
[11934] 09 Feb 05:12:37 - 1 clients connected (0 slaves), 726760 bytes in use
[11934] 09 Feb 05:12:42 - DB 0: 1 keys (0 volatile) in 4 slots HT.
[11934] 09 Feb 05:12:42 - 1 clients connected (0 slaves), 726760 bytes in use
[11934] 09 Feb 05:12:47 - DB 0: 1 keys (0 volatile) in 4 slots HT.
[11934] 09 Feb 05:12:47 - 1 clients connected (0 slaves), 726760 bytes in use
[11934] 09 Feb 05:12:52 - DB 0: 1 keys (0 volatile) in 4 slots HT.
[11934] 09 Feb 05:12:52 - 1 clients connected (0 slaves), 726760 bytes in use
[11934] 09 Feb 05:12:57 - DB 0: 1 keys (0 volatile) in 4 slots HT.
[11934] 09 Feb 05:12:57 - 1 clients connected (0 slaves), 726760 bytes in use
[11934] 09 Feb 05:13:02 - DB 0: 1 keys (0 volatile) in 4 slots HT.
[11934] 09 Feb 05:13:02 - 1 clients connected (0 slaves), 726760 bytes in use
[11934] 09 Feb 05:13:07 - DB 0: 1 keys (0 volatile) in 4 slots HT.
[11934] 09 Feb 05:13:07 - 1 clients connected (0 slaves), 726760 bytes in use
[11934] 09 Feb 05:13:12 - DB 0: 1 keys (0 volatile) in 4 slots HT.
[11934] 09 Feb 05:13:12 - 1 clients connected (0 slaves), 726760 bytes in use
[11934] 09 Feb 05:13:17 - DB 0: 1 keys (0 volatile) in 4 slots HT.
[11934] 09 Feb 05:13:17 - 1 clients connected (0 slaves), 726760 bytes in use
[11934] 09 Feb 05:13:22 - DB 0: 1 keys (0 volatile) in 4 slots HT.
[11934] 09 Feb 05:13:22 - 1 clients connected (0 slaves), 726760 bytes in use
[11934] 09 Feb 05:13:27 - DB 0: 1 keys (0 volatile) in 4 slots HT.
[11934] 09 Feb 05:13:27 - 1 clients connected (0 slaves), 726760 bytes in use
[11934] 09 Feb 05:13:32 - DB 0: 1 keys (0 volatile) in 4 slots HT.
[11934] 09 Feb 05:13:32 - 1 clients connected (0 slaves), 726760 bytes in use
[11934] 09 Feb 05:13:37 - DB 0: 1 keys (0 volatile) in 4 slots HT.
[11934] 09 Feb 05:13:37 - 1 clients connected (0 slaves), 726760 bytes in use
[11934] 09 Feb 05:13:42 - DB 0: 1 keys (0 volatile) in 4 slots HT.
[11934] 09 Feb 05:13:42 - 1 clients connected (0 slaves), 726760 bytes in use
[11934] 09 Feb 05:13:47 - DB 0: 1 keys (0 volatile) in 4 slots HT.
[11934] 09 Feb 05:13:47 - 1 clients connected (0 slaves), 726760 bytes in use
[11934] 09 Feb 05:13:52 - DB 0: 1 keys (0 volatile) in 4 slots HT.
[11934] 09 Feb 05:13:52 - 1 clients connected (0 slaves), 726760 bytes in use
[11934] 09 Feb 05:13:57 - DB 0: 1 keys (0 volatile) in 4 slots HT.
[11934] 09 Feb 05:13:57 - 1 clients connected (0 slaves), 726760 bytes in use
[11934] 09 Feb 05:14:02 - DB 0: 1 keys (0 volatile) in 4 slots HT.
[11934] 09 Feb 05:14:02 - 1 clients connected (0 slaves), 726760 bytes in use
[11934] 09 Feb 05:14:07 - DB 0: 1 keys (0 volatile) in 4 slots HT.
[11934] 09 Feb 05:14:07 - 1 clients connected (0 slaves), 726760 bytes in use
[11934] 09 Feb 05:14:12 - DB 0: 1 keys (0 volatile) in 4 slots HT.
[11934] 09 Feb 05:14:12 - 1 clients connected (0 slaves), 726760 bytes in use
[11934] 09 Feb 05:14:17 - DB 0: 1 keys (0 volatile) in 4 slots HT.
[11934] 09 Feb 05:14:17 - 1 clients connected (0 slaves), 726760 bytes in use
[11934] 09 Feb 05:14:22 - DB 0: 1 keys (0 volatile) in 4 slots HT.
[11934] 09 Feb 05:14:22 - 1 clients connected (0 slaves), 726760 bytes in use
[11934] 09 Feb 05:14:27 - DB 0: 1 keys (0 volatile) in 4 slots HT.
[11934] 09 Feb 05:14:27 - 1 clients connected (0 slaves), 726760 bytes in use
[11934] 09 Feb 05:14:32 - DB 0: 1 keys (0 volatile) in 4 slots HT.
[11934] 09 Feb 05:14:32 - 1 clients connected (0 slaves), 726760 bytes in use
[11934] 09 Feb 05:14:37 - DB 0: 1 keys (0 volatile) in 4 slots HT.
[11934] 09 Feb 05:14:37 - 1 clients connected (0 slaves), 726760 bytes in use
[11934] 09 Feb 05:14:42 - DB 0: 1 keys (0 volatile) in 4 slots HT.
[11934] 09 Feb 05:14:42 - 1 clients connected (0 slaves), 726760 bytes in use
[11934] 09 Feb 05:14:47 - DB 0: 1 keys (0 volatile) in 4 slots HT.
[11934] 09 Feb 05:14:47 - 1 clients connected (0 slaves), 726760 bytes in use
[11934] 09 Feb 05:14:52 - DB 0: 1 keys (0 volatile) in 4 slots HT.
[11934] 09 Feb 05:14:52 - 1 clients connected (0 slaves), 726760 bytes in use
[11934] 09 Feb 05:14:57 - DB 0: 1 keys (0 volatile) in 4 slots HT.
[11934] 09 Feb 05:14:57 - 1 clients connected (0 slaves), 726760 bytes in use
[11934] 09 Feb 05:15:02 - DB 0: 1 keys (0 volatile) in 4 slots HT.
[11934] 09 Feb 05:15:02 - 1 clients connected (0 slaves), 726760 bytes in use
[11934] 09 Feb 05:15:07 - DB 0: 1 keys (0 volatile) in 4 slots HT.
[11934] 09 Feb 05:15:07 - 1 clients connected (0 slaves), 726760 bytes in use
[11934] 09 Feb 05:15:12 - DB 0: 1 keys (0 volatile) in 4 slots HT.
[11934] 09 Feb 05:15:12 - 1 clients connected (0 slaves), 726760 bytes in use
[11934] 09 Feb 05:15:17 - DB 0: 1 keys (0 volatile) in 4 slots HT.
[11934] 09 Feb 05:15:17 - 1 clients connected (0 slaves), 726760 bytes in use
[11934] 09 Feb 05:15:22 - DB 0: 1 keys (0 volatile) in 4 slots HT.
[11934] 09 Feb 05:15:22 - 1 clients connected (0 slaves), 726760 bytes in use
[11934] 09 Feb 05:15:27 - DB 0: 1 keys (0 volatile) in 4 slots HT.
[11934] 09 Feb 05:15:27 - 1 clients connected (0 slaves), 726760 bytes in use
[11934] 09 Feb 05:15:28 - Client closed connection
[11934] 09 Feb 05:15:29 - Accepted 127.0.0.1:58138
[11934] 09 Feb 05:15:32 - DB 0: 1 keys (0 volatile) in 4 slots HT.
[11934] 09 Feb 05:15:32 - 1 clients connected (0 slaves), 726592 bytes in use
[11934] 09 Feb 05:15:37 - DB 0: 1 keys (0 volatile) in 4 slots HT.
[11934] 09 Feb 05:15:37 - 1 clients connected (0 slaves), 726760 bytes in use
[11934] 09 Feb 05:15:42 - DB 0: 1 keys (0 volatile) in 4 slots HT.
[11934] 09 Feb 05:15:42 - 1 clients connected (0 slaves), 726760 bytes in use
[11934] 09 Feb 05:15:47 - DB 0: 1 keys (0 volatile) in 4 slots HT.
[11934] 09 Feb 05:15:47 - 1 clients connected (0 slaves), 726760 bytes in use
[11934] 09 Feb 05:15:52 - DB 0: 1 keys (0 volatile) in 4 slots HT.
[11934] 09 Feb 05:15:52 - 1 clients connected (0 slaves), 726760 bytes in use
[11934] 09 Feb 05:15:57 - Client closed connection
[11934] 09 Feb 05:15:57 - DB 0: 1 keys (0 volatile) in 4 slots HT.
[11934] 09 Feb 05:15:57 - 0 clients connected (0 slaves), 718024 bytes in use
[11934] 09 Feb 05:15:58 - Accepted 127.0.0.1:58145
[11934] 09 Feb 05:16:02 - DB 0: 1 keys (0 volatile) in 4 slots HT.
[11934] 09 Feb 05:16:02 - 1 clients connected (0 slaves), 726592 bytes in use
[11934] 09 Feb 05:16:07 - DB 0: 1 keys (0 volatile) in 4 slots HT.
[11934] 09 Feb 05:16:07 - 1 clients connected (0 slaves), 726592 bytes in use
[11934] 09 Feb 05:16:12 - DB 0: 1 keys (0 volatile) in 4 slots HT.
[11934] 09 Feb 05:16:12 - 1 clients connected (0 slaves), 727384 bytes in use
[11934] 09 Feb 05:16:17 - DB 0: 1 keys (0 volatile) in 4 slots HT.
[11934] 09 Feb 05:16:17 - 1 clients connected (0 slaves), 727384 bytes in use
[11934] 09 Feb 05:16:22 - DB 0: 1 keys (0 volatile) in 4 slots HT.
[11934] 09 Feb 05:16:22 - 1 clients connected (0 slaves), 727384 bytes in use
[11934] 09 Feb 05:16:27 - DB 0: 1 keys (0 volatile) in 4 slots HT.
[11934] 09 Feb 05:16:27 - 1 clients connected (0 slaves), 727384 bytes in use
[11934] 09 Feb 05:16:32 - DB 0: 1 keys (0 volatile) in 4 slots HT.
[11934] 09 Feb 05:16:32 - 1 clients connected (0 slaves), 727384 bytes in use
[11934] 09 Feb 05:16:37 - DB 0: 1 keys (0 volatile) in 4 slots HT.
[11934] 09 Feb 05:16:37 - 1 clients connected (0 slaves), 727384 bytes in use
[11934] 09 Feb 05:16:42 - DB 0: 1 keys (0 volatile) in 4 slots HT.
[11934] 09 Feb 05:16:42 - 1 clients connected (0 slaves), 727384 bytes in use
[11934] 09 Feb 05:16:47 - DB 0: 1 keys (0 volatile) in 4 slots HT.
[11934] 09 Feb 05:16:47 - 1 clients connected (0 slaves), 727384 bytes in use
[11934] 09 Feb 05:16:52 - DB 0: 1 keys (0 volatile) in 4 slots HT.
[11934] 09 Feb 05:16:52 - 1 clients connected (0 slaves), 727384 bytes in use
[11934] 09 Feb 05:16:57 - DB 0: 1 keys (0 volatile) in 4 slots HT.
[11934] 09 Feb 05:16:57 - 1 clients connected (0 slaves), 727384 bytes in use
[11934] 09 Feb 05:17:02 - DB 0: 1 keys (0 volatile) in 4 slots HT.
[11934] 09 Feb 05:17:02 - 1 clients connected (0 slaves), 727384 bytes in use
[11934] 09 Feb 05:17:07 - DB 0: 1 keys (0 volatile) in 4 slots HT.
[11934] 09 Feb 05:17:07 - 1 clients connected (0 slaves), 727384 bytes in use
[11934] 09 Feb 05:17:12 - DB 0: 1 keys (0 volatile) in 4 slots HT.
[11934] 09 Feb 05:17:12 - 1 clients connected (0 slaves), 727384 bytes in use
[11934] 09 Feb 05:17:17 - DB 0: 1 keys (0 volatile) in 4 slots HT.
[11934] 09 Feb 05:17:17 - 1 clients connected (0 slaves), 727384 bytes in use
[11934] 09 Feb 05:17:22 - DB 0: 1 keys (0 volatile) in 4 slots HT.
[11934] 09 Feb 05:17:22 - 1 clients connected (0 slaves), 727384 bytes in use
[11934] 09 Feb 05:17:27 - DB 0: 1 keys (0 volatile) in 4 slots HT.
[11934] 09 Feb 05:17:27 - 1 clients connected (0 slaves), 727384 bytes in use
[11934] 09 Feb 05:17:32 - DB 0: 1 keys (0 volatile) in 4 slots HT.
[11934] 09 Feb 05:17:32 - 1 clients connected (0 slaves), 727384 bytes in use
[11934] 09 Feb 05:17:37 - DB 0: 1 keys (0 volatile) in 4 slots HT.
[11934] 09 Feb 05:17:37 - 1 clients connected (0 slaves), 727384 bytes in use
[11934] 09 Feb 05:17:41 - Client closed connection
[11934] 09 Feb 05:17:42 - DB 0: 1 keys (0 volatile) in 4 slots HT.
[11934] 09 Feb 05:17:42 - 0 clients connected (0 slaves), 718328 bytes in use
[11934] 09 Feb 05:17:42 - Accepted 127.0.0.1:58170
[11934] 09 Feb 05:17:47 - DB 0: 1 keys (0 volatile) in 4 slots HT.
[11934] 09 Feb 05:17:47 - 1 clients connected (0 slaves), 727064 bytes in use
[11934] 09 Feb 05:17:52 - DB 0: 1 keys (0 volatile) in 4 slots HT.
[11934] 09 Feb 05:17:52 - 1 clients connected (0 slaves), 727064 bytes in use
[11934] 09 Feb 05:17:55 - Client closed connection
[11934] 09 Feb 05:17:56 - Accepted 127.0.0.1:58175
[11934] 09 Feb 05:17:57 - DB 0: 1 keys (0 volatile) in 4 slots HT.
[11934] 09 Feb 05:17:57 - 1 clients connected (0 slaves), 726896 bytes in use
[11934] 09 Feb 05:18:02 - DB 0: 1 keys (0 volatile) in 4 slots HT.
[11934] 09 Feb 05:18:02 - 1 clients connected (0 slaves), 727064 bytes in use
[11934] 09 Feb 05:18:07 - DB 0: 1 keys (0 volatile) in 4 slots HT.
[11934] 09 Feb 05:18:07 - 1 clients connected (0 slaves), 727064 bytes in use
[11934] 09 Feb 05:18:12 - DB 0: 1 keys (0 volatile) in 4 slots HT.
[11934] 09 Feb 05:18:12 - 1 clients connected (0 slaves), 727064 bytes in use
[11934] 09 Feb 05:18:17 - DB 0: 1 keys (0 volatile) in 4 slots HT.
[11934] 09 Feb 05:18:17 - 1 clients connected (0 slaves), 727064 bytes in use
[11934] 09 Feb 05:18:22 - DB 0: 1 keys (0 volatile) in 4 slots HT.
[11934] 09 Feb 05:18:22 - 1 clients connected (0 slaves), 727064 bytes in use
[11934] 09 Feb 05:18:27 - DB 0: 1 keys (0 volatile) in 4 slots HT.
[11934] 09 Feb 05:18:27 - 1 clients connected (0 slaves), 727064 bytes in use
[11934] 09 Feb 05:18:32 - DB 0: 1 keys (0 volatile) in 4 slots HT.
[11934] 09 Feb 05:18:32 - 1 clients connected (0 slaves), 727064 bytes in use
[11934] 09 Feb 05:18:37 - DB 0: 1 keys (0 volatile) in 4 slots HT.
[11934] 09 Feb 05:18:37 - 1 clients connected (0 slaves), 727064 bytes in use
[11934] 09 Feb 05:18:42 - DB 0: 1 keys (0 volatile) in 4 slots HT.
[11934] 09 Feb 05:18:42 - 1 clients connected (0 slaves), 727064 bytes in use
[11934] 09 Feb 05:18:45 - Client closed connection
[11934] 09 Feb 05:18:46 - Accepted 127.0.0.1:58178
[11934] 09 Feb 05:18:47 - DB 0: 1 keys (0 volatile) in 4 slots HT.
[11934] 09 Feb 05:18:47 - 1 clients connected (0 slaves), 727064 bytes in use
[11934] 09 Feb 05:18:52 - DB 0: 1 keys (0 volatile) in 4 slots HT.
[11934] 09 Feb 05:18:52 - 1 clients connected (0 slaves), 727064 bytes in use
[11934] 09 Feb 05:18:57 - DB 0: 1 keys (0 volatile) in 4 slots HT.
[11934] 09 Feb 05:18:57 - 1 clients connected (0 slaves), 727064 bytes in use
[11934] 09 Feb 05:19:02 - DB 0: 1 keys (0 volatile) in 4 slots HT.
[11934] 09 Feb 05:19:02 - 1 clients connected (0 slaves), 727064 bytes in use
[11934] 09 Feb 05:19:07 - DB 0: 1 keys (0 volatile) in 4 slots HT.
[11934] 09 Feb 05:19:07 - 1 clients connected (0 slaves), 727064 bytes in use
[11934] 09 Feb 05:19:12 - DB 0: 1 keys (0 volatile) in 4 slots HT.
[11934] 09 Feb 05:19:12 - 1 clients connected (0 slaves), 727064 bytes in use
[11934] 09 Feb 05:19:17 - DB 0: 1 keys (0 volatile) in 4 slots HT.
[11934] 09 Feb 05:19:17 - 1 clients connected (0 slaves), 727064 bytes in use
[11934] 09 Feb 05:19:22 - DB 0: 1 keys (0 volatile) in 4 slots HT.
[11934] 09 Feb 05:19:22 - 1 clients connected (0 slaves), 727064 bytes in use
[11934] 09 Feb 05:19:27 - DB 0: 1 keys (0 volatile) in 4 slots HT.
[11934] 09 Feb 05:19:27 - 1 clients connected (0 slaves), 727064 bytes in use
[11934] 09 Feb 05:19:32 - DB 0: 1 keys (0 volatile) in 4 slots HT.
[11934] 09 Feb 05:19:32 - 1 clients connected (0 slaves), 727064 bytes in use
[11934] 09 Feb 05:19:37 - DB 0: 1 keys (0 volatile) in 4 slots HT.
[11934] 09 Feb 05:19:37 - 1 clients connected (0 slaves), 727064 bytes in use
[11934] 09 Feb 05:19:42 - DB 0: 1 keys (0 volatile) in 4 slots HT.
[11934] 09 Feb 05:19:42 - 1 clients connected (0 slaves), 727064 bytes in use
[11934] 09 Feb 05:19:47 - DB 0: 1 keys (0 volatile) in 4 slots HT.
[11934] 09 Feb 05:19:47 - 1 clients connected (0 slaves), 727064 bytes in use
[11934] 09 Feb 05:19:52 - DB 0: 1 keys (0 volatile) in 4 slots HT.
[11934] 09 Feb 05:19:52 - 1 clients connected (0 slaves), 727064 bytes in use
[11934] 09 Feb 05:19:57 - DB 0: 1 keys (0 volatile) in 4 slots HT.
[11934] 09 Feb 05:19:57 - 1 clients connected (0 slaves), 727064 bytes in use
[11934] 09 Feb 05:20:02 - DB 0: 1 keys (0 volatile) in 4 slots HT.
[11934] 09 Feb 05:20:02 - 1 clients connected (0 slaves), 727064 bytes in use
[11934] 09 Feb 05:20:05 - Client closed connection
[11934] 09 Feb 05:20:07 - DB 0: 1 keys (0 volatile) in 4 slots HT.
[11934] 09 Feb 05:20:07 - 0 clients connected (0 slaves), 718328 bytes in use
[11934] 09 Feb 05:20:08 - Accepted 127.0.0.1:58187
[11934] 09 Feb 05:20:12 - DB 0: 1 keys (0 volatile) in 4 slots HT.
[11934] 09 Feb 05:20:12 - 1 clients connected (0 slaves), 727064 bytes in use
[11934] 09 Feb 05:20:17 - DB 0: 1 keys (0 volatile) in 4 slots HT.
[11934] 09 Feb 05:20:17 - 1 clients connected (0 slaves), 727064 bytes in use
[11934] 09 Feb 05:20:22 - DB 0: 1 keys (0 volatile) in 4 slots HT.
[11934] 09 Feb 05:20:22 - 1 clients connected (0 slaves), 727064 bytes in use
[11934] 09 Feb 05:20:27 - DB 0: 1 keys (0 volatile) in 4 slots HT.
[11934] 09 Feb 05:20:27 - 1 clients connected (0 slaves), 727064 bytes in use
[11934] 09 Feb 05:20:32 - DB 0: 1 keys (0 volatile) in 4 slots HT.
[11934] 09 Feb 05:20:32 - 1 clients connected (0 slaves), 727064 bytes in use
[11934] 09 Feb 05:20:37 - DB 0: 1 keys (0 volatile) in 4 slots HT.
[11934] 09 Feb 05:20:37 - 1 clients connected (0 slaves), 727064 bytes in use
[11934] 09 Feb 05:20:40 - Client closed connection
[11934] 09 Feb 05:20:40 - Accepted 127.0.0.1:58194
[11934] 09 Feb 05:20:42 - DB 0: 1 keys (0 volatile) in 4 slots HT.
[11934] 09 Feb 05:20:42 - 1 clients connected (0 slaves), 727064 bytes in use
[11934] 09 Feb 05:20:47 - DB 0: 1 keys (0 volatile) in 4 slots HT.
[11934] 09 Feb 05:20:47 - 1 clients connected (0 slaves), 727064 bytes in use
[11934] 09 Feb 05:20:52 - DB 0: 1 keys (0 volatile) in 4 slots HT.
[11934] 09 Feb 05:20:52 - 1 clients connected (0 slaves), 727064 bytes in use
[11934] 09 Feb 05:20:57 - DB 0: 1 keys (0 volatile) in 4 slots HT.
[11934] 09 Feb 05:20:57 - 1 clients connected (0 slaves), 727688 bytes in use
[11934] 09 Feb 05:21:02 - DB 0: 1 keys (0 volatile) in 4 slots HT.
[11934] 09 Feb 05:21:02 - 1 clients connected (0 slaves), 727688 bytes in use
[11934] 09 Feb 05:21:07 - DB 0: 1 keys (0 volatile) in 4 slots HT.
[11934] 09 Feb 05:21:07 - 1 clients connected (0 slaves), 727688 bytes in use
[11934] 09 Feb 05:21:12 - DB 0: 1 keys (0 volatile) in 4 slots HT.
[11934] 09 Feb 05:21:12 - 1 clients connected (0 slaves), 727688 bytes in use
[11934] 09 Feb 05:21:17 - DB 0: 1 keys (0 volatile) in 4 slots HT.
[11934] 09 Feb 05:21:17 - 1 clients connected (0 slaves), 727688 bytes in use
[11934] 09 Feb 05:21:22 - DB 0: 1 keys (0 volatile) in 4 slots HT.
[11934] 09 Feb 05:21:22 - 1 clients connected (0 slaves), 727688 bytes in use
[11934] 09 Feb 05:21:27 - DB 0: 1 keys (0 volatile) in 4 slots HT.
[11934] 09 Feb 05:21:27 - 1 clients connected (0 slaves), 727688 bytes in use
[11934] 09 Feb 05:21:32 - DB 0: 1 keys (0 volatile) in 4 slots HT.
[11934] 09 Feb 05:21:32 - 1 clients connected (0 slaves), 727688 bytes in use
[11934] 09 Feb 05:21:37 - DB 0: 1 keys (0 volatile) in 4 slots HT.
[11934] 09 Feb 05:21:37 - 1 clients connected (0 slaves), 727688 bytes in use
[11934] 09 Feb 05:21:42 - DB 0: 1 keys (0 volatile) in 4 slots HT.
[11934] 09 Feb 05:21:42 - 1 clients connected (0 slaves), 727688 bytes in use
[11934] 09 Feb 05:21:47 - DB 0: 1 keys (0 volatile) in 4 slots HT.
[11934] 09 Feb 05:21:47 - 1 clients connected (0 slaves), 727688 bytes in use
[11934] 09 Feb 05:21:52 - DB 0: 1 keys (0 volatile) in 4 slots HT.
[11934] 09 Feb 05:21:52 - 1 clients connected (0 slaves), 727688 bytes in use
[11934] 09 Feb 05:21:57 - DB 0: 1 keys (0 volatile) in 4 slots HT.
[11934] 09 Feb 05:21:57 - 1 clients connected (0 slaves), 727688 bytes in use
[11934] 09 Feb 05:22:02 - DB 0: 1 keys (0 volatile) in 4 slots HT.
[11934] 09 Feb 05:22:02 - 1 clients connected (0 slaves), 727688 bytes in use
[11934] 09 Feb 05:22:07 - DB 0: 1 keys (0 volatile) in 4 slots HT.
[11934] 09 Feb 05:22:07 - 1 clients connected (0 slaves), 727688 bytes in use
[11934] 09 Feb 05:22:12 - DB 0: 1 keys (0 volatile) in 4 slots HT.
[11934] 09 Feb 05:22:12 - 1 clients connected (0 slaves), 727688 bytes in use
[11934] 09 Feb 05:22:17 - DB 0: 1 keys (0 volatile) in 4 slots HT.
[11934] 09 Feb 05:22:17 - 1 clients connected (0 slaves), 727688 bytes in use
[11934] 09 Feb 05:22:22 - DB 0: 1 keys (0 volatile) in 4 slots HT.
[11934] 09 Feb 05:22:22 - 1 clients connected (0 slaves), 727688 bytes in use
[11934] 09 Feb 05:22:27 - DB 0: 1 keys (0 volatile) in 4 slots HT.
[11934] 09 Feb 05:22:27 - 1 clients connected (0 slaves), 727688 bytes in use
[11934] 09 Feb 05:22:32 - DB 0: 1 keys (0 volatile) in 4 slots HT.
[11934] 09 Feb 05:22:32 - 1 clients connected (0 slaves), 727688 bytes in use
[11934] 09 Feb 05:22:37 - DB 0: 1 keys (0 volatile) in 4 slots HT.
[11934] 09 Feb 05:22:37 - 1 clients connected (0 slaves), 727688 bytes in use
[11934] 09 Feb 05:22:42 - DB 0: 1 keys (0 volatile) in 4 slots HT.
[11934] 09 Feb 05:22:42 - 1 clients connected (0 slaves), 727688 bytes in use
[11934] 09 Feb 05:22:47 - DB 0: 1 keys (0 volatile) in 4 slots HT.
[11934] 09 Feb 05:22:47 - 1 clients connected (0 slaves), 727688 bytes in use
[11934] 09 Feb 05:22:52 - DB 0: 1 keys (0 volatile) in 4 slots HT.
[11934] 09 Feb 05:22:52 - 1 clients connected (0 slaves), 727688 bytes in use
[11934] 09 Feb 05:22:57 - DB 0: 1 keys (0 volatile) in 4 slots HT.
[11934] 09 Feb 05:22:57 - 1 clients connected (0 slaves), 727688 bytes in use
[11934] 09 Feb 05:23:02 - DB 0: 1 keys (0 volatile) in 4 slots HT.
[11934] 09 Feb 05:23:02 - 1 clients connected (0 slaves), 727688 bytes in use
[11934] 09 Feb 05:23:07 - DB 0: 1 keys (0 volatile) in 4 slots HT.
[11934] 09 Feb 05:23:07 - 1 clients connected (0 slaves), 727688 bytes in use
[11934] 09 Feb 05:23:12 - DB 0: 1 keys (0 volatile) in 4 slots HT.
[11934] 09 Feb 05:23:12 - 1 clients connected (0 slaves), 727688 bytes in use
[11934] 09 Feb 05:23:17 - DB 0: 1 keys (0 volatile) in 4 slots HT.
[11934] 09 Feb 05:23:17 - 1 clients connected (0 slaves), 727688 bytes in use
[11934] 09 Feb 05:23:22 - DB 0: 1 keys (0 volatile) in 4 slots HT.
[11934] 09 Feb 05:23:22 - 1 clients connected (0 slaves), 727688 bytes in use
[11934] 09 Feb 05:23:27 - DB 0: 1 keys (0 volatile) in 4 slots HT.
[11934] 09 Feb 05:23:27 - 1 clients connected (0 slaves), 727688 bytes in use
[11934] 09 Feb 05:23:32 - DB 0: 1 keys (0 volatile) in 4 slots HT.
[11934] 09 Feb 05:23:32 - 1 clients connected (0 slaves), 727688 bytes in use
[11934] 09 Feb 05:23:37 - DB 0: 1 keys (0 volatile) in 4 slots HT.
[11934] 09 Feb 05:23:37 - 1 clients connected (0 slaves), 727688 bytes in use
[11934] 09 Feb 05:23:42 - DB 0: 1 keys (0 volatile) in 4 slots HT.
[11934] 09 Feb 05:23:42 - 1 clients connected (0 slaves), 727688 bytes in use
[11934] 09 Feb 05:23:47 - DB 0: 1 keys (0 volatile) in 4 slots HT.
[11934] 09 Feb 05:23:47 - 1 clients connected (0 slaves), 727688 bytes in use
[11934] 09 Feb 05:23:52 - DB 0: 1 keys (0 volatile) in 4 slots HT.
[11934] 09 Feb 05:23:52 - 1 clients connected (0 slaves), 727688 bytes in use
[11934] 09 Feb 05:23:57 - DB 0: 1 keys (0 volatile) in 4 slots HT.
[11934] 09 Feb 05:23:57 - 1 clients connected (0 slaves), 727688 bytes in use
[11934] 09 Feb 05:24:02 - DB 0: 1 keys (0 volatile) in 4 slots HT.
[11934] 09 Feb 05:24:02 - 1 clients connected (0 slaves), 727688 bytes in use
[11934] 09 Feb 05:24:07 - DB 0: 1 keys (0 volatile) in 4 slots HT.
[11934] 09 Feb 05:24:07 - 1 clients connected (0 slaves), 727688 bytes in use
[11934] 09 Feb 05:24:13 - DB 0: 1 keys (0 volatile) in 4 slots HT.
[11934] 09 Feb 05:24:13 - 1 clients connected (0 slaves), 727688 bytes in use
[11934] 09 Feb 05:24:18 - DB 0: 1 keys (0 volatile) in 4 slots HT.
[11934] 09 Feb 05:24:18 - 1 clients connected (0 slaves), 727688 bytes in use
[11934] 09 Feb 05:24:23 - DB 0: 1 keys (0 volatile) in 4 slots HT.
[11934] 09 Feb 05:24:23 - 1 clients connected (0 slaves), 727688 bytes in use
[11934] 09 Feb 05:24:28 - DB 0: 1 keys (0 volatile) in 4 slots HT.
[11934] 09 Feb 05:24:28 - 1 clients connected (0 slaves), 727688 bytes in use
[11934] 09 Feb 05:24:33 - DB 0: 1 keys (0 volatile) in 4 slots HT.
[11934] 09 Feb 05:24:33 - 1 clients connected (0 slaves), 727688 bytes in use
[11934] 09 Feb 05:24:38 - DB 0: 1 keys (0 volatile) in 4 slots HT.
[11934] 09 Feb 05:24:38 - 1 clients connected (0 slaves), 727688 bytes in use
[11934] 09 Feb 05:24:43 - DB 0: 1 keys (0 volatile) in 4 slots HT.
[11934] 09 Feb 05:24:43 - 1 clients connected (0 slaves), 727688 bytes in use
[11934] 09 Feb 05:24:48 - DB 0: 1 keys (0 volatile) in 4 slots HT.
[11934] 09 Feb 05:24:48 - 1 clients connected (0 slaves), 727688 bytes in use
[11934] 09 Feb 05:24:53 - DB 0: 1 keys (0 volatile) in 4 slots HT.
[11934] 09 Feb 05:24:53 - 1 clients connected (0 slaves), 727688 bytes in use
[11934] 09 Feb 05:24:58 - DB 0: 1 keys (0 volatile) in 4 slots HT.
[11934] 09 Feb 05:24:58 - 1 clients connected (0 slaves), 727688 bytes in use
[11934] 09 Feb 05:25:03 - DB 0: 1 keys (0 volatile) in 4 slots HT.
[11934] 09 Feb 05:25:03 - 1 clients connected (0 slaves), 727688 bytes in use
[11934] 09 Feb 05:25:08 - DB 0: 1 keys (0 volatile) in 4 slots HT.
[11934] 09 Feb 05:25:08 - 1 clients connected (0 slaves), 727688 bytes in use
[11934] 09 Feb 05:25:13 - DB 0: 1 keys (0 volatile) in 4 slots HT.
[11934] 09 Feb 05:25:13 - 1 clients connected (0 slaves), 727688 bytes in use
[11934] 09 Feb 05:25:18 - DB 0: 1 keys (0 volatile) in 4 slots HT.
[11934] 09 Feb 05:25:18 - 1 clients connected (0 slaves), 727688 bytes in use
[11934] 09 Feb 05:25:23 - DB 0: 1 keys (0 volatile) in 4 slots HT.
[11934] 09 Feb 05:25:23 - 1 clients connected (0 slaves), 727688 bytes in use
[11934] 09 Feb 05:25:28 - DB 0: 1 keys (0 volatile) in 4 slots HT.
[11934] 09 Feb 05:25:28 - 1 clients connected (0 slaves), 727688 bytes in use
[11934] 09 Feb 05:25:33 - DB 0: 1 keys (0 volatile) in 4 slots HT.
[11934] 09 Feb 05:25:33 - 1 clients connected (0 slaves), 727688 bytes in use
[11934] 09 Feb 05:25:38 - DB 0: 1 keys (0 volatile) in 4 slots HT.
[11934] 09 Feb 05:25:38 - 1 clients connected (0 slaves), 727688 bytes in use
[11934] 09 Feb 05:25:43 - DB 0: 1 keys (0 volatile) in 4 slots HT.
[11934] 09 Feb 05:25:43 - 1 clients connected (0 slaves), 727688 bytes in use
[11934] 09 Feb 05:25:48 - DB 0: 1 keys (0 volatile) in 4 slots HT.
[11934] 09 Feb 05:25:48 - 1 clients connected (0 slaves), 727688 bytes in use
[11934] 09 Feb 05:25:53 - DB 0: 1 keys (0 volatile) in 4 slots HT.
[11934] 09 Feb 05:25:53 - 1 clients connected (0 slaves), 727688 bytes in use
[11934] 09 Feb 05:25:57 - Client closed connection
[11934] 09 Feb 05:25:58 - DB 0: 1 keys (0 volatile) in 4 slots HT.
[11934] 09 Feb 05:25:58 - 0 clients connected (0 slaves), 718632 bytes in use
[11934] 09 Feb 05:25:58 - Accepted 127.0.0.1:58297
[11934] 09 Feb 05:26:03 - DB 0: 1 keys (0 volatile) in 4 slots HT.
[11934] 09 Feb 05:26:03 - 1 clients connected (0 slaves), 727200 bytes in use
[11934] 09 Feb 05:26:08 - DB 0: 1 keys (0 volatile) in 4 slots HT.
[11934] 09 Feb 05:26:08 - 1 clients connected (0 slaves), 727200 bytes in use
[11934] 09 Feb 05:26:13 - DB 0: 1 keys (0 volatile) in 4 slots HT.
[11934] 09 Feb 05:26:13 - 1 clients connected (0 slaves), 727200 bytes in use
[11934] 09 Feb 05:26:18 - DB 0: 1 keys (0 volatile) in 4 slots HT.
[11934] 09 Feb 05:26:18 - 1 clients connected (0 slaves), 728248 bytes in use
[11934] 09 Feb 05:26:23 - DB 0: 1 keys (0 volatile) in 4 slots HT.
[11934] 09 Feb 05:26:23 - 1 clients connected (0 slaves), 728248 bytes in use
[11934] 09 Feb 05:26:25 - Client closed connection
[11934] 09 Feb 05:26:26 - Accepted 127.0.0.1:58304
[11934] 09 Feb 05:26:28 - DB 0: 1 keys (0 volatile) in 4 slots HT.
[11934] 09 Feb 05:26:28 - 1 clients connected (0 slaves), 727504 bytes in use
[11934] 09 Feb 05:26:33 - DB 0: 1 keys (0 volatile) in 4 slots HT.
[11934] 09 Feb 05:26:33 - 1 clients connected (0 slaves), 728616 bytes in use
[11934] 09 Feb 05:26:38 - DB 0: 1 keys (0 volatile) in 4 slots HT.
[11934] 09 Feb 05:26:38 - 1 clients connected (0 slaves), 728616 bytes in use
[11934] 09 Feb 05:26:43 - DB 0: 1 keys (0 volatile) in 4 slots HT.
[11934] 09 Feb 05:26:43 - 1 clients connected (0 slaves), 728616 bytes in use
[11934] 09 Feb 05:26:48 - DB 0: 1 keys (0 volatile) in 4 slots HT.
[11934] 09 Feb 05:26:48 - 1 clients connected (0 slaves), 728616 bytes in use
[11934] 09 Feb 05:26:53 - DB 0: 1 keys (0 volatile) in 4 slots HT.
[11934] 09 Feb 05:26:53 - 1 clients connected (0 slaves), 728616 bytes in use
[11934] 09 Feb 05:26:58 - DB 0: 1 keys (0 volatile) in 4 slots HT.
[11934] 09 Feb 05:26:58 - 1 clients connected (0 slaves), 728616 bytes in use
[11934] 09 Feb 05:27:03 - DB 0: 1 keys (0 volatile) in 4 slots HT.
[11934] 09 Feb 05:27:03 - 1 clients connected (0 slaves), 728616 bytes in use
[11934] 09 Feb 05:27:08 - DB 0: 1 keys (0 volatile) in 4 slots HT.
[11934] 09 Feb 05:27:08 - 1 clients connected (0 slaves), 728616 bytes in use
[11934] 09 Feb 05:27:13 - DB 0: 1 keys (0 volatile) in 4 slots HT.
[11934] 09 Feb 05:27:13 - 1 clients connected (0 slaves), 728616 bytes in use
[11934] 09 Feb 05:27:18 - Client closed connection
[11934] 09 Feb 05:27:18 - DB 0: 1 keys (0 volatile) in 4 slots HT.
[11934] 09 Feb 05:27:18 - 0 clients connected (0 slaves), 719304 bytes in use
[11934] 09 Feb 05:27:18 - Accepted 127.0.0.1:58311
[11934] 09 Feb 05:27:23 - DB 0: 1 keys (0 volatile) in 4 slots HT.
[11934] 09 Feb 05:27:23 - 1 clients connected (0 slaves), 727872 bytes in use
[11934] 09 Feb 05:27:28 - DB 0: 1 keys (0 volatile) in 4 slots HT.
[11934] 09 Feb 05:27:28 - 1 clients connected (0 slaves), 728888 bytes in use
[11934] 09 Feb 05:27:33 - DB 0: 1 keys (0 volatile) in 4 slots HT.
[11934] 09 Feb 05:27:33 - 1 clients connected (0 slaves), 728888 bytes in use
[11934] 09 Feb 05:27:38 - DB 0: 1 keys (0 volatile) in 4 slots HT.
[11934] 09 Feb 05:27:38 - 1 clients connected (0 slaves), 728888 bytes in use
[11934] 09 Feb 05:27:43 - DB 0: 1 keys (0 volatile) in 4 slots HT.
[11934] 09 Feb 05:27:43 - 1 clients connected (0 slaves), 729192 bytes in use
[11934] 09 Feb 05:27:48 - DB 0: 1 keys (0 volatile) in 4 slots HT.
[11934] 09 Feb 05:27:48 - 1 clients connected (0 slaves), 729192 bytes in use
[11934] 09 Feb 05:27:48 - Client closed connection
[11934] 09 Feb 05:27:49 - Accepted 127.0.0.1:58320
[11934] 09 Feb 05:27:53 - DB 0: 1 keys (0 volatile) in 4 slots HT.
[11934] 09 Feb 05:27:53 - 1 clients connected (0 slaves), 728448 bytes in use
[11934] 09 Feb 05:27:58 - DB 0: 1 keys (0 volatile) in 4 slots HT.
[11934] 09 Feb 05:27:58 - 1 clients connected (0 slaves), 729496 bytes in use
[11934] 09 Feb 05:28:02 - Client closed connection
[11934] 09 Feb 05:28:03 - Accepted 127.0.0.1:58327
[11934] 09 Feb 05:28:03 - DB 0: 1 keys (0 volatile) in 4 slots HT.
[11934] 09 Feb 05:28:03 - 1 clients connected (0 slaves), 728752 bytes in use
[11934] 09 Feb 05:28:08 - DB 0: 1 keys (0 volatile) in 4 slots HT.
[11934] 09 Feb 05:28:08 - 1 clients connected (0 slaves), 728752 bytes in use
[11934] 09 Feb 05:28:13 - DB 0: 1 keys (0 volatile) in 4 slots HT.
[11934] 09 Feb 05:28:13 - 1 clients connected (0 slaves), 729928 bytes in use
[11934] 09 Feb 05:28:18 - DB 0: 1 keys (0 volatile) in 4 slots HT.
[11934] 09 Feb 05:28:18 - 1 clients connected (0 slaves), 729928 bytes in use
[11934] 09 Feb 05:28:23 - DB 0: 1 keys (0 volatile) in 4 slots HT.
[11934] 09 Feb 05:28:23 - 1 clients connected (0 slaves), 729928 bytes in use
[11934] 09 Feb 05:28:28 - DB 0: 1 keys (0 volatile) in 4 slots HT.
[11934] 09 Feb 05:28:28 - 1 clients connected (0 slaves), 729928 bytes in use
[11934] 09 Feb 05:28:33 - DB 0: 1 keys (0 volatile) in 4 slots HT.
[11934] 09 Feb 05:28:33 - 1 clients connected (0 slaves), 729928 bytes in use
[11934] 09 Feb 05:28:38 - DB 0: 1 keys (0 volatile) in 4 slots HT.
[11934] 09 Feb 05:28:38 - 1 clients connected (0 slaves), 729928 bytes in use
[11934] 09 Feb 05:28:43 - DB 0: 1 keys (0 volatile) in 4 slots HT.
[11934] 09 Feb 05:28:43 - 1 clients connected (0 slaves), 729928 bytes in use
[11934] 09 Feb 05:28:48 - DB 0: 1 keys (0 volatile) in 4 slots HT.
[11934] 09 Feb 05:28:48 - 1 clients connected (0 slaves), 729928 bytes in use
[11934] 09 Feb 05:28:53 - DB 0: 1 keys (0 volatile) in 4 slots HT.
[11934] 09 Feb 05:28:53 - 1 clients connected (0 slaves), 729928 bytes in use
[11934] 09 Feb 05:28:58 - DB 0: 1 keys (0 volatile) in 4 slots HT.
[11934] 09 Feb 05:28:58 - 1 clients connected (0 slaves), 729928 bytes in use
[11934] 09 Feb 05:29:03 - DB 0: 1 keys (0 volatile) in 4 slots HT.
[11934] 09 Feb 05:29:03 - 1 clients connected (0 slaves), 729928 bytes in use
[11934] 09 Feb 05:29:08 - DB 0: 1 keys (0 volatile) in 4 slots HT.
[11934] 09 Feb 05:29:08 - 1 clients connected (0 slaves), 729928 bytes in use
[11934] 09 Feb 05:29:13 - DB 0: 1 keys (0 volatile) in 4 slots HT.
[11934] 09 Feb 05:29:13 - 1 clients connected (0 slaves), 729928 bytes in use
[11934] 09 Feb 05:29:18 - DB 0: 1 keys (0 volatile) in 4 slots HT.
[11934] 09 Feb 05:29:18 - 1 clients connected (0 slaves), 729928 bytes in use
[11934] 09 Feb 05:29:23 - DB 0: 1 keys (0 volatile) in 4 slots HT.
[11934] 09 Feb 05:29:23 - 1 clients connected (0 slaves), 729928 bytes in use
[11934] 09 Feb 05:29:28 - DB 0: 1 keys (0 volatile) in 4 slots HT.
[11934] 09 Feb 05:29:28 - 1 clients connected (0 slaves), 729928 bytes in use
[11934] 09 Feb 05:29:33 - DB 0: 1 keys (0 volatile) in 4 slots HT.
[11934] 09 Feb 05:29:33 - 1 clients connected (0 slaves), 729928 bytes in use
[11934] 09 Feb 05:29:38 - DB 0: 1 keys (0 volatile) in 4 slots HT.
[11934] 09 Feb 05:29:38 - 1 clients connected (0 slaves), 729928 bytes in use
[11934] 09 Feb 05:29:43 - DB 0: 1 keys (0 volatile) in 4 slots HT.
[11934] 09 Feb 05:29:43 - 1 clients connected (0 slaves), 729928 bytes in use
[11934] 09 Feb 05:29:48 - DB 0: 1 keys (0 volatile) in 4 slots HT.
[11934] 09 Feb 05:29:48 - 1 clients connected (0 slaves), 729928 bytes in use
[11934] 09 Feb 05:29:53 - DB 0: 1 keys (0 volatile) in 4 slots HT.
[11934] 09 Feb 05:29:53 - 1 clients connected (0 slaves), 729928 bytes in use
[11934] 09 Feb 05:29:58 - DB 0: 1 keys (0 volatile) in 4 slots HT.
[11934] 09 Feb 05:29:58 - 1 clients connected (0 slaves), 729928 bytes in use
[11934] 09 Feb 05:30:03 - DB 0: 1 keys (0 volatile) in 4 slots HT.
[11934] 09 Feb 05:30:03 - 1 clients connected (0 slaves), 729928 bytes in use
[11934] 09 Feb 05:30:08 - DB 0: 1 keys (0 volatile) in 4 slots HT.
[11934] 09 Feb 05:30:08 - 1 clients connected (0 slaves), 729928 bytes in use
[11934] 09 Feb 05:30:13 - DB 0: 1 keys (0 volatile) in 4 slots HT.
[11934] 09 Feb 05:30:13 - 1 clients connected (0 slaves), 729928 bytes in use
[11934] 09 Feb 05:30:18 - DB 0: 1 keys (0 volatile) in 4 slots HT.
[11934] 09 Feb 05:30:18 - 1 clients connected (0 slaves), 729928 bytes in use
[11934] 09 Feb 05:30:23 - DB 0: 1 keys (0 volatile) in 4 slots HT.
[11934] 09 Feb 05:30:23 - 1 clients connected (0 slaves), 729928 bytes in use
[11934] 09 Feb 05:30:28 - DB 0: 1 keys (0 volatile) in 4 slots HT.
[11934] 09 Feb 05:30:28 - 1 clients connected (0 slaves), 729928 bytes in use
[11934] 09 Feb 05:30:33 - DB 0: 1 keys (0 volatile) in 4 slots HT.
[11934] 09 Feb 05:30:33 - 1 clients connected (0 slaves), 729928 bytes in use
[11934] 09 Feb 05:30:38 - DB 0: 1 keys (0 volatile) in 4 slots HT.
[11934] 09 Feb 05:30:38 - 1 clients connected (0 slaves), 729928 bytes in use
[11934] 09 Feb 05:30:43 - DB 0: 1 keys (0 volatile) in 4 slots HT.
[11934] 09 Feb 05:30:43 - 1 clients connected (0 slaves), 729928 bytes in use
[11934] 09 Feb 05:30:48 - DB 0: 1 keys (0 volatile) in 4 slots HT.
[11934] 09 Feb 05:30:48 - 1 clients connected (0 slaves), 729928 bytes in use
[11934] 09 Feb 05:30:53 - DB 0: 1 keys (0 volatile) in 4 slots HT.
[11934] 09 Feb 05:30:53 - 1 clients connected (0 slaves), 729928 bytes in use
[11934] 09 Feb 05:30:58 - DB 0: 1 keys (0 volatile) in 4 slots HT.
[11934] 09 Feb 05:30:58 - 1 clients connected (0 slaves), 729928 bytes in use
[11934] 09 Feb 05:31:03 - DB 0: 1 keys (0 volatile) in 4 slots HT.
[11934] 09 Feb 05:31:03 - 1 clients connected (0 slaves), 729928 bytes in use
[11934] 09 Feb 05:31:08 - DB 0: 1 keys (0 volatile) in 4 slots HT.
[11934] 09 Feb 05:31:08 - 1 clients connected (0 slaves), 729928 bytes in use
[11934] 09 Feb 05:31:13 - DB 0: 1 keys (0 volatile) in 4 slots HT.
[11934] 09 Feb 05:31:13 - 1 clients connected (0 slaves), 729928 bytes in use
[11934] 09 Feb 05:31:18 - DB 0: 1 keys (0 volatile) in 4 slots HT.
[11934] 09 Feb 05:31:18 - 1 clients connected (0 slaves), 729928 bytes in use
[11934] 09 Feb 05:31:23 - DB 0: 1 keys (0 volatile) in 4 slots HT.
[11934] 09 Feb 05:31:23 - 1 clients connected (0 slaves), 729928 bytes in use
[11934] 09 Feb 05:31:28 - DB 0: 1 keys (0 volatile) in 4 slots HT.
[11934] 09 Feb 05:31:28 - 1 clients connected (0 slaves), 729928 bytes in use
[11934] 09 Feb 05:31:33 - DB 0: 1 keys (0 volatile) in 4 slots HT.
[11934] 09 Feb 05:31:33 - 1 clients connected (0 slaves), 729928 bytes in use
[11934] 09 Feb 05:31:38 - DB 0: 1 keys (0 volatile) in 4 slots HT.
[11934] 09 Feb 05:31:38 - 1 clients connected (0 slaves), 729928 bytes in use
[11934] 09 Feb 05:31:43 - DB 0: 1 keys (0 volatile) in 4 slots HT.
[11934] 09 Feb 05:31:43 - 1 clients connected (0 slaves), 729928 bytes in use
[11934] 09 Feb 05:31:48 - DB 0: 1 keys (0 volatile) in 4 slots HT.
[11934] 09 Feb 05:31:48 - 1 clients connected (0 slaves), 729928 bytes in use
[11934] 09 Feb 05:31:53 - DB 0: 1 keys (0 volatile) in 4 slots HT.
[11934] 09 Feb 05:31:53 - 1 clients connected (0 slaves), 729928 bytes in use
[11934] 09 Feb 05:31:58 - DB 0: 1 keys (0 volatile) in 4 slots HT.
[11934] 09 Feb 05:31:58 - 1 clients connected (0 slaves), 729928 bytes in use
[11934] 09 Feb 05:32:03 - DB 0: 1 keys (0 volatile) in 4 slots HT.
[11934] 09 Feb 05:32:03 - 1 clients connected (0 slaves), 729928 bytes in use
[11934] 09 Feb 05:32:08 - DB 0: 1 keys (0 volatile) in 4 slots HT.
[11934] 09 Feb 05:32:08 - 1 clients connected (0 slaves), 729928 bytes in use
[11934] 09 Feb 05:32:13 - DB 0: 1 keys (0 volatile) in 4 slots HT.
[11934] 09 Feb 05:32:13 - 1 clients connected (0 slaves), 729928 bytes in use
[11934] 09 Feb 05:32:18 - DB 0: 1 keys (0 volatile) in 4 slots HT.
[11934] 09 Feb 05:32:18 - 1 clients connected (0 slaves), 729928 bytes in use
[11934] 09 Feb 05:32:23 - DB 0: 1 keys (0 volatile) in 4 slots HT.
[11934] 09 Feb 05:32:23 - 1 clients connected (0 slaves), 729928 bytes in use
[11934] 09 Feb 05:32:28 - DB 0: 1 keys (0 volatile) in 4 slots HT.
[11934] 09 Feb 05:32:28 - 1 clients connected (0 slaves), 729928 bytes in use
[11934] 09 Feb 05:32:33 - DB 0: 1 keys (0 volatile) in 4 slots HT.
[11934] 09 Feb 05:32:33 - 1 clients connected (0 slaves), 729928 bytes in use
[11934] 09 Feb 05:32:38 - DB 0: 1 keys (0 volatile) in 4 slots HT.
[11934] 09 Feb 05:32:38 - 1 clients connected (0 slaves), 729928 bytes in use
[11934] 09 Feb 05:32:43 - DB 0: 1 keys (0 volatile) in 4 slots HT.
[11934] 09 Feb 05:32:43 - 1 clients connected (0 slaves), 729928 bytes in use
[11934] 09 Feb 05:32:48 - DB 0: 1 keys (0 volatile) in 4 slots HT.
[11934] 09 Feb 05:32:48 - 1 clients connected (0 slaves), 729928 bytes in use
[11934] 09 Feb 05:32:53 - DB 0: 1 keys (0 volatile) in 4 slots HT.
[11934] 09 Feb 05:32:53 - 1 clients connected (0 slaves), 729928 bytes in use
[11934] 09 Feb 05:32:58 - DB 0: 1 keys (0 volatile) in 4 slots HT.
[11934] 09 Feb 05:32:58 - 1 clients connected (0 slaves), 729928 bytes in use
[11934] 09 Feb 05:33:03 - DB 0: 1 keys (0 volatile) in 4 slots HT.
[11934] 09 Feb 05:33:03 - 1 clients connected (0 slaves), 729928 bytes in use
[11934] 09 Feb 05:33:08 - DB 0: 1 keys (0 volatile) in 4 slots HT.
[11934] 09 Feb 05:33:08 - 1 clients connected (0 slaves), 729928 bytes in use
[11934] 09 Feb 05:33:13 - DB 0: 1 keys (0 volatile) in 4 slots HT.
[11934] 09 Feb 05:33:13 - 1 clients connected (0 slaves), 729928 bytes in use
[11934] 09 Feb 05:33:18 - DB 0: 1 keys (0 volatile) in 4 slots HT.
[11934] 09 Feb 05:33:18 - 1 clients connected (0 slaves), 729928 bytes in use
[11934] 09 Feb 05:33:23 - DB 0: 1 keys (0 volatile) in 4 slots HT.
[11934] 09 Feb 05:33:23 - 1 clients connected (0 slaves), 729928 bytes in use
[11934] 09 Feb 05:33:28 - DB 0: 1 keys (0 volatile) in 4 slots HT.
[11934] 09 Feb 05:33:28 - 1 clients connected (0 slaves), 729928 bytes in use
[11934] 09 Feb 05:33:30 - Client closed connection
[11934] 09 Feb 05:33:32 - Accepted 127.0.0.1:58567
[11934] 09 Feb 05:33:33 - DB 0: 1 keys (0 volatile) in 4 slots HT.
[11934] 09 Feb 05:33:33 - 1 clients connected (0 slaves), 729184 bytes in use
[11934] 09 Feb 05:33:38 - DB 0: 1 keys (0 volatile) in 4 slots HT.
[11934] 09 Feb 05:33:38 - 1 clients connected (0 slaves), 729184 bytes in use
[11934] 09 Feb 05:33:43 - DB 0: 1 keys (0 volatile) in 4 slots HT.
[11934] 09 Feb 05:33:43 - 1 clients connected (0 slaves), 729976 bytes in use
[11934] 09 Feb 05:33:48 - DB 0: 1 keys (0 volatile) in 4 slots HT.
[11934] 09 Feb 05:33:48 - 1 clients connected (0 slaves), 729976 bytes in use
[11934] 09 Feb 05:33:53 - DB 0: 1 keys (0 volatile) in 4 slots HT.
[11934] 09 Feb 05:33:53 - 1 clients connected (0 slaves), 729976 bytes in use
[11934] 09 Feb 05:33:58 - DB 0: 1 keys (0 volatile) in 4 slots HT.
[11934] 09 Feb 05:33:58 - 1 clients connected (0 slaves), 730280 bytes in use
[11934] 09 Feb 05:34:03 - DB 0: 1 keys (0 volatile) in 4 slots HT.
[11934] 09 Feb 05:34:03 - 1 clients connected (0 slaves), 730280 bytes in use
[11934] 09 Feb 05:34:08 - DB 0: 1 keys (0 volatile) in 4 slots HT.
[11934] 09 Feb 05:34:08 - 1 clients connected (0 slaves), 730280 bytes in use
[11934] 09 Feb 05:34:13 - DB 0: 1 keys (0 volatile) in 4 slots HT.
[11934] 09 Feb 05:34:13 - 1 clients connected (0 slaves), 730280 bytes in use
[11934] 09 Feb 05:34:18 - DB 0: 1 keys (0 volatile) in 4 slots HT.
[11934] 09 Feb 05:34:18 - 1 clients connected (0 slaves), 730280 bytes in use
[11934] 09 Feb 05:34:23 - DB 0: 1 keys (0 volatile) in 4 slots HT.
[11934] 09 Feb 05:34:23 - 1 clients connected (0 slaves), 730280 bytes in use
[11934] 09 Feb 05:34:28 - DB 0: 1 keys (0 volatile) in 4 slots HT.
[11934] 09 Feb 05:34:28 - 1 clients connected (0 slaves), 730280 bytes in use
[11934] 09 Feb 05:34:33 - DB 0: 1 keys (0 volatile) in 4 slots HT.
[11934] 09 Feb 05:34:33 - 1 clients connected (0 slaves), 730280 bytes in use
[11934] 09 Feb 05:34:38 - DB 0: 1 keys (0 volatile) in 4 slots HT.
[11934] 09 Feb 05:34:38 - 1 clients connected (0 slaves), 730280 bytes in use
[11934] 09 Feb 05:34:43 - DB 0: 1 keys (0 volatile) in 4 slots HT.
[11934] 09 Feb 05:34:43 - 1 clients connected (0 slaves), 730520 bytes in use
[11934] 09 Feb 05:34:48 - DB 0: 1 keys (0 volatile) in 4 slots HT.
[11934] 09 Feb 05:34:48 - 1 clients connected (0 slaves), 730520 bytes in use
[11934] 09 Feb 05:34:53 - DB 0: 1 keys (0 volatile) in 4 slots HT.
[11934] 09 Feb 05:34:53 - 1 clients connected (0 slaves), 730520 bytes in use
[11934] 09 Feb 05:34:58 - DB 0: 1 keys (0 volatile) in 4 slots HT.
[11934] 09 Feb 05:34:58 - 1 clients connected (0 slaves), 730520 bytes in use
[11934] 09 Feb 05:35:03 - DB 0: 1 keys (0 volatile) in 4 slots HT.
[11934] 09 Feb 05:35:03 - 1 clients connected (0 slaves), 730824 bytes in use
[11934] 09 Feb 05:35:08 - DB 0: 1 keys (0 volatile) in 4 slots HT.
[11934] 09 Feb 05:35:08 - 1 clients connected (0 slaves), 730824 bytes in use
[11934] 09 Feb 05:35:13 - DB 0: 1 keys (0 volatile) in 4 slots HT.
[11934] 09 Feb 05:35:13 - 1 clients connected (0 slaves), 730824 bytes in use
[11934] 09 Feb 05:35:18 - DB 0: 1 keys (0 volatile) in 4 slots HT.
[11934] 09 Feb 05:35:18 - 1 clients connected (0 slaves), 730824 bytes in use
[11934] 09 Feb 05:35:23 - DB 0: 1 keys (0 volatile) in 4 slots HT.
[11934] 09 Feb 05:35:23 - 1 clients connected (0 slaves), 730824 bytes in use
[11934] 09 Feb 05:35:28 - Client closed connection
[11934] 09 Feb 05:35:28 - DB 0: 1 keys (0 volatile) in 4 slots HT.
[11934] 09 Feb 05:35:28 - 0 clients connected (0 slaves), 721768 bytes in use
[11934] 09 Feb 05:35:29 - Accepted 127.0.0.1:58580
[11934] 09 Feb 05:35:33 - Client closed connection
[11934] 09 Feb 05:35:33 - DB 0: 1 keys (0 volatile) in 4 slots HT.
[11934] 09 Feb 05:35:33 - 0 clients connected (0 slaves), 721768 bytes in use
[11934] 09 Feb 05:35:34 - Accepted 127.0.0.1:58581
[11934] 09 Feb 05:35:38 - DB 0: 1 keys (0 volatile) in 4 slots HT.
[11934] 09 Feb 05:35:38 - 1 clients connected (0 slaves), 730336 bytes in use
[11934] 09 Feb 05:35:43 - DB 0: 1 keys (0 volatile) in 4 slots HT.
[11934] 09 Feb 05:35:43 - 1 clients connected (0 slaves), 731128 bytes in use
[11934] 09 Feb 05:35:48 - DB 0: 1 keys (0 volatile) in 4 slots HT.
[11934] 09 Feb 05:35:48 - 1 clients connected (0 slaves), 731128 bytes in use
[11934] 09 Feb 05:35:53 - DB 0: 1 keys (0 volatile) in 4 slots HT.
[11934] 09 Feb 05:35:53 - 1 clients connected (0 slaves), 731432 bytes in use
[11934] 09 Feb 05:35:58 - DB 0: 1 keys (0 volatile) in 4 slots HT.
[11934] 09 Feb 05:35:58 - 1 clients connected (0 slaves), 731432 bytes in use
[11934] 09 Feb 05:36:03 - DB 0: 1 keys (0 volatile) in 4 slots HT.
[11934] 09 Feb 05:36:03 - 1 clients connected (0 slaves), 731432 bytes in use
[11934] 09 Feb 05:36:08 - DB 0: 1 keys (0 volatile) in 4 slots HT.
[11934] 09 Feb 05:36:08 - 1 clients connected (0 slaves), 731432 bytes in use
[11934] 09 Feb 05:36:13 - DB 0: 1 keys (0 volatile) in 4 slots HT.
[11934] 09 Feb 05:36:13 - 1 clients connected (0 slaves), 731432 bytes in use
[11934] 09 Feb 05:36:18 - DB 0: 1 keys (0 volatile) in 4 slots HT.
[11934] 09 Feb 05:36:18 - 1 clients connected (0 slaves), 731432 bytes in use
[11934] 09 Feb 05:36:23 - DB 0: 1 keys (0 volatile) in 4 slots HT.
[11934] 09 Feb 05:36:23 - 1 clients connected (0 slaves), 731432 bytes in use
[11934] 09 Feb 05:36:28 - DB 0: 1 keys (0 volatile) in 4 slots HT.
[11934] 09 Feb 05:36:28 - 1 clients connected (0 slaves), 731432 bytes in use
[11934] 09 Feb 05:36:33 - DB 0: 1 keys (0 volatile) in 4 slots HT.
[11934] 09 Feb 05:36:33 - 1 clients connected (0 slaves), 731432 bytes in use
[11934] 09 Feb 05:36:38 - DB 0: 1 keys (0 volatile) in 4 slots HT.
[11934] 09 Feb 05:36:38 - 1 clients connected (0 slaves), 731432 bytes in use
[11934] 09 Feb 05:36:43 - DB 0: 1 keys (0 volatile) in 4 slots HT.
[11934] 09 Feb 05:36:43 - 1 clients connected (0 slaves), 731432 bytes in use
[11934] 09 Feb 05:36:48 - DB 0: 1 keys (0 volatile) in 4 slots HT.
[11934] 09 Feb 05:36:48 - 1 clients connected (0 slaves), 731432 bytes in use
[11934] 09 Feb 05:36:53 - DB 0: 1 keys (0 volatile) in 4 slots HT.
[11934] 09 Feb 05:36:53 - 1 clients connected (0 slaves), 731432 bytes in use
[11934] 09 Feb 05:36:58 - DB 0: 1 keys (0 volatile) in 4 slots HT.
[11934] 09 Feb 05:36:58 - 1 clients connected (0 slaves), 731432 bytes in use
[11934] 09 Feb 05:37:03 - DB 0: 1 keys (0 volatile) in 4 slots HT.
[11934] 09 Feb 05:37:03 - 1 clients connected (0 slaves), 731432 bytes in use
[11934] 09 Feb 05:37:08 - DB 0: 1 keys (0 volatile) in 4 slots HT.
[11934] 09 Feb 05:37:08 - 1 clients connected (0 slaves), 731432 bytes in use
[11934] 09 Feb 05:37:13 - DB 0: 1 keys (0 volatile) in 4 slots HT.
[11934] 09 Feb 05:37:13 - 1 clients connected (0 slaves), 731432 bytes in use
[11934] 09 Feb 05:37:18 - DB 0: 1 keys (0 volatile) in 4 slots HT.
[11934] 09 Feb 05:37:18 - 1 clients connected (0 slaves), 731432 bytes in use
[11934] 09 Feb 05:37:23 - DB 0: 1 keys (0 volatile) in 4 slots HT.
[11934] 09 Feb 05:37:23 - 1 clients connected (0 slaves), 731432 bytes in use
[11934] 09 Feb 05:37:28 - DB 0: 1 keys (0 volatile) in 4 slots HT.
[11934] 09 Feb 05:37:28 - 1 clients connected (0 slaves), 731432 bytes in use
[11934] 09 Feb 05:37:33 - DB 0: 1 keys (0 volatile) in 4 slots HT.
[11934] 09 Feb 05:37:33 - 1 clients connected (0 slaves), 731432 bytes in use
[11934] 09 Feb 05:37:38 - DB 0: 1 keys (0 volatile) in 4 slots HT.
[11934] 09 Feb 05:37:38 - 1 clients connected (0 slaves), 731432 bytes in use
[11934] 09 Feb 05:37:43 - DB 0: 1 keys (0 volatile) in 4 slots HT.
[11934] 09 Feb 05:37:43 - 1 clients connected (0 slaves), 731432 bytes in use
[11934] 09 Feb 05:37:48 - DB 0: 1 keys (0 volatile) in 4 slots HT.
[11934] 09 Feb 05:37:48 - 1 clients connected (0 slaves), 731432 bytes in use
[11934] 09 Feb 05:37:53 - DB 0: 1 keys (0 volatile) in 4 slots HT.
[11934] 09 Feb 05:37:53 - 1 clients connected (0 slaves), 731432 bytes in use
[11934] 09 Feb 05:37:58 - DB 0: 1 keys (0 volatile) in 4 slots HT.
[11934] 09 Feb 05:37:58 - 1 clients connected (0 slaves), 731432 bytes in use
[11934] 09 Feb 05:38:03 - DB 0: 1 keys (0 volatile) in 4 slots HT.
[11934] 09 Feb 05:38:03 - 1 clients connected (0 slaves), 731432 bytes in use
[11934] 09 Feb 05:38:08 - DB 0: 1 keys (0 volatile) in 4 slots HT.
[11934] 09 Feb 05:38:08 - 1 clients connected (0 slaves), 731432 bytes in use
[11934] 09 Feb 05:38:13 - DB 0: 1 keys (0 volatile) in 4 slots HT.
[11934] 09 Feb 05:38:13 - 1 clients connected (0 slaves), 731432 bytes in use
[11934] 09 Feb 05:38:18 - DB 0: 1 keys (0 volatile) in 4 slots HT.
[11934] 09 Feb 05:38:18 - 1 clients connected (0 slaves), 731432 bytes in use
[11934] 09 Feb 05:38:23 - DB 0: 1 keys (0 volatile) in 4 slots HT.
[11934] 09 Feb 05:38:23 - 1 clients connected (0 slaves), 731432 bytes in use
[11934] 09 Feb 05:38:28 - DB 0: 1 keys (0 volatile) in 4 slots HT.
[11934] 09 Feb 05:38:28 - 1 clients connected (0 slaves), 731432 bytes in use
[11934] 09 Feb 05:38:33 - DB 0: 1 keys (0 volatile) in 4 slots HT.
[11934] 09 Feb 05:38:33 - 1 clients connected (0 slaves), 731432 bytes in use
[11934] 09 Feb 05:38:38 - DB 0: 1 keys (0 volatile) in 4 slots HT.
[11934] 09 Feb 05:38:38 - 1 clients connected (0 slaves), 731432 bytes in use
[11934] 09 Feb 05:38:44 - DB 0: 1 keys (0 volatile) in 4 slots HT.
[11934] 09 Feb 05:38:44 - 1 clients connected (0 slaves), 731432 bytes in use
[11934] 09 Feb 05:38:49 - DB 0: 1 keys (0 volatile) in 4 slots HT.
[11934] 09 Feb 05:38:49 - 1 clients connected (0 slaves), 731432 bytes in use
[11934] 09 Feb 05:38:54 - DB 0: 1 keys (0 volatile) in 4 slots HT.
[11934] 09 Feb 05:38:54 - 1 clients connected (0 slaves), 731432 bytes in use
[11934] 09 Feb 05:38:59 - DB 0: 1 keys (0 volatile) in 4 slots HT.
[11934] 09 Feb 05:38:59 - 1 clients connected (0 slaves), 731432 bytes in use
[11934] 09 Feb 05:39:04 - DB 0: 1 keys (0 volatile) in 4 slots HT.
[11934] 09 Feb 05:39:04 - 1 clients connected (0 slaves), 731432 bytes in use
[11934] 09 Feb 05:39:09 - DB 0: 1 keys (0 volatile) in 4 slots HT.
[11934] 09 Feb 05:39:09 - 1 clients connected (0 slaves), 731432 bytes in use
[11934] 09 Feb 05:39:14 - DB 0: 1 keys (0 volatile) in 4 slots HT.
[11934] 09 Feb 05:39:14 - 1 clients connected (0 slaves), 731432 bytes in use
[11934] 09 Feb 05:39:19 - DB 0: 1 keys (0 volatile) in 4 slots HT.
[11934] 09 Feb 05:39:19 - 1 clients connected (0 slaves), 731432 bytes in use
[11934] 09 Feb 05:39:24 - DB 0: 1 keys (0 volatile) in 4 slots HT.
[11934] 09 Feb 05:39:24 - 1 clients connected (0 slaves), 731432 bytes in use
[11934] 09 Feb 05:39:29 - DB 0: 1 keys (0 volatile) in 4 slots HT.
[11934] 09 Feb 05:39:29 - 1 clients connected (0 slaves), 731432 bytes in use
[11934] 09 Feb 05:39:34 - DB 0: 1 keys (0 volatile) in 4 slots HT.
[11934] 09 Feb 05:39:34 - 1 clients connected (0 slaves), 731432 bytes in use
[11934] 09 Feb 05:39:38 - Client closed connection
[11934] 09 Feb 05:39:39 - DB 0: 1 keys (0 volatile) in 4 slots HT.
[11934] 09 Feb 05:39:39 - 0 clients connected (0 slaves), 722376 bytes in use
[11934] 09 Feb 05:39:39 - Accepted 127.0.0.1:58689
[11934] 09 Feb 05:39:44 - DB 0: 1 keys (0 volatile) in 4 slots HT.
[11934] 09 Feb 05:39:44 - 1 clients connected (0 slaves), 730944 bytes in use
[11934] 09 Feb 05:39:49 - DB 0: 1 keys (0 volatile) in 4 slots HT.
[11934] 09 Feb 05:39:49 - 1 clients connected (0 slaves), 730944 bytes in use
[11934] 09 Feb 05:39:54 - DB 0: 1 keys (0 volatile) in 4 slots HT.
[11934] 09 Feb 05:39:54 - 1 clients connected (0 slaves), 731992 bytes in use
[11934] 09 Feb 05:39:59 - DB 0: 1 keys (0 volatile) in 4 slots HT.
[11934] 09 Feb 05:39:59 - 1 clients connected (0 slaves), 731992 bytes in use
[11934] 09 Feb 05:40:04 - DB 0: 1 keys (0 volatile) in 4 slots HT.
[11934] 09 Feb 05:40:04 - 1 clients connected (0 slaves), 731992 bytes in use
[11934] 09 Feb 05:40:09 - DB 0: 1 keys (0 volatile) in 4 slots HT.
[11934] 09 Feb 05:40:09 - 1 clients connected (0 slaves), 731992 bytes in use
[11934] 09 Feb 05:40:14 - DB 0: 1 keys (0 volatile) in 4 slots HT.
[11934] 09 Feb 05:40:14 - 1 clients connected (0 slaves), 731992 bytes in use
[11934] 09 Feb 05:40:19 - DB 0: 1 keys (0 volatile) in 4 slots HT.
[11934] 09 Feb 05:40:19 - 1 clients connected (0 slaves), 731992 bytes in use
[11934] 09 Feb 05:40:24 - DB 0: 1 keys (0 volatile) in 4 slots HT.
[11934] 09 Feb 05:40:24 - 1 clients connected (0 slaves), 731992 bytes in use
[11934] 09 Feb 05:40:29 - DB 0: 1 keys (0 volatile) in 4 slots HT.
[11934] 09 Feb 05:40:29 - 1 clients connected (0 slaves), 731992 bytes in use
[11934] 09 Feb 05:40:34 - DB 0: 1 keys (0 volatile) in 4 slots HT.
[11934] 09 Feb 05:40:34 - 1 clients connected (0 slaves), 731992 bytes in use
[11934] 09 Feb 05:40:39 - DB 0: 1 keys (0 volatile) in 4 slots HT.
[11934] 09 Feb 05:40:39 - 1 clients connected (0 slaves), 731992 bytes in use
[11934] 09 Feb 05:40:44 - DB 0: 1 keys (0 volatile) in 4 slots HT.
[11934] 09 Feb 05:40:44 - 1 clients connected (0 slaves), 731992 bytes in use
[11934] 09 Feb 05:40:49 - DB 0: 1 keys (0 volatile) in 4 slots HT.
[11934] 09 Feb 05:40:49 - 1 clients connected (0 slaves), 731992 bytes in use
[11934] 09 Feb 05:40:54 - DB 0: 1 keys (0 volatile) in 4 slots HT.
[11934] 09 Feb 05:40:54 - 1 clients connected (0 slaves), 731992 bytes in use
[11934] 09 Feb 05:40:59 - DB 0: 1 keys (0 volatile) in 4 slots HT.
[11934] 09 Feb 05:40:59 - 1 clients connected (0 slaves), 731992 bytes in use
[11934] 09 Feb 05:41:04 - DB 0: 1 keys (0 volatile) in 4 slots HT.
[11934] 09 Feb 05:41:04 - 1 clients connected (0 slaves), 731992 bytes in use
[11934] 09 Feb 05:41:09 - DB 0: 1 keys (0 volatile) in 4 slots HT.
[11934] 09 Feb 05:41:09 - 1 clients connected (0 slaves), 731992 bytes in use
[11934] 09 Feb 05:41:14 - DB 0: 1 keys (0 volatile) in 4 slots HT.
[11934] 09 Feb 05:41:14 - 1 clients connected (0 slaves), 731992 bytes in use
[11934] 09 Feb 05:41:19 - DB 0: 1 keys (0 volatile) in 4 slots HT.
[11934] 09 Feb 05:41:19 - 1 clients connected (0 slaves), 731992 bytes in use
[11934] 09 Feb 05:41:24 - DB 0: 1 keys (0 volatile) in 4 slots HT.
[11934] 09 Feb 05:41:24 - 1 clients connected (0 slaves), 731992 bytes in use
[11934] 09 Feb 05:41:29 - DB 0: 1 keys (0 volatile) in 4 slots HT.
[11934] 09 Feb 05:41:29 - 1 clients connected (0 slaves), 731992 bytes in use
[11934] 09 Feb 05:41:34 - DB 0: 1 keys (0 volatile) in 4 slots HT.
[11934] 09 Feb 05:41:34 - 1 clients connected (0 slaves), 731992 bytes in use
[11934] 09 Feb 05:41:36 - Client closed connection
[11934] 09 Feb 05:41:37 - Accepted 127.0.0.1:58716
[11934] 09 Feb 05:41:39 - DB 0: 1 keys (0 volatile) in 4 slots HT.
[11934] 09 Feb 05:41:39 - 1 clients connected (0 slaves), 731248 bytes in use
[11934] 09 Feb 05:41:43 - Client closed connection
[11934] 09 Feb 05:41:44 - DB 0: 1 keys (0 volatile) in 4 slots HT.
[11934] 09 Feb 05:41:44 - 0 clients connected (0 slaves), 722680 bytes in use
[11934] 09 Feb 05:41:49 - DB 0: 1 keys (0 volatile) in 4 slots HT.
[11934] 09 Feb 05:41:49 - 0 clients connected (0 slaves), 722680 bytes in use
[11934] 09 Feb 05:41:54 - DB 0: 1 keys (0 volatile) in 4 slots HT.
[11934] 09 Feb 05:41:54 - 0 clients connected (0 slaves), 722680 bytes in use
[11934] 09 Feb 05:41:55 - Accepted 127.0.0.1:58719
[11934] 09 Feb 05:41:59 - DB 0: 1 keys (0 volatile) in 4 slots HT.
[11934] 09 Feb 05:41:59 - 1 clients connected (0 slaves), 731248 bytes in use
[11934] 09 Feb 05:42:04 - DB 0: 1 keys (0 volatile) in 4 slots HT.
[11934] 09 Feb 05:42:04 - 1 clients connected (0 slaves), 731248 bytes in use
[11934] 09 Feb 05:42:09 - DB 0: 1 keys (0 volatile) in 4 slots HT.
[11934] 09 Feb 05:42:09 - 1 clients connected (0 slaves), 732552 bytes in use
[11934] 09 Feb 05:42:14 - DB 0: 1 keys (0 volatile) in 4 slots HT.
[11934] 09 Feb 05:42:14 - 1 clients connected (0 slaves), 732552 bytes in use
[11934] 09 Feb 05:42:19 - DB 0: 1 keys (0 volatile) in 4 slots HT.
[11934] 09 Feb 05:42:19 - 1 clients connected (0 slaves), 732552 bytes in use
[11934] 09 Feb 05:42:19 - Client closed connection
[11934] 09 Feb 05:42:20 - Accepted 127.0.0.1:58726
[11934] 09 Feb 05:42:24 - DB 0: 1 keys (0 volatile) in 4 slots HT.
[11934] 09 Feb 05:42:24 - 1 clients connected (0 slaves), 732856 bytes in use
[11934] 09 Feb 05:42:29 - DB 0: 1 keys (0 volatile) in 4 slots HT.
[11934] 09 Feb 05:42:29 - 1 clients connected (0 slaves), 732856 bytes in use
[11934] 09 Feb 05:42:34 - DB 0: 1 keys (0 volatile) in 4 slots HT.
[11934] 09 Feb 05:42:34 - 1 clients connected (0 slaves), 732856 bytes in use
[11934] 09 Feb 05:42:39 - DB 0: 1 keys (0 volatile) in 4 slots HT.
[11934] 09 Feb 05:42:39 - 1 clients connected (0 slaves), 732856 bytes in use
[11934] 09 Feb 05:42:44 - DB 0: 1 keys (0 volatile) in 4 slots HT.
[11934] 09 Feb 05:42:44 - 1 clients connected (0 slaves), 732856 bytes in use
[11934] 09 Feb 05:42:49 - DB 0: 1 keys (0 volatile) in 4 slots HT.
[11934] 09 Feb 05:42:49 - 1 clients connected (0 slaves), 732856 bytes in use
[11934] 09 Feb 05:42:54 - DB 0: 1 keys (0 volatile) in 4 slots HT.
[11934] 09 Feb 05:42:54 - 1 clients connected (0 slaves), 732856 bytes in use
[11934] 09 Feb 05:42:59 - DB 0: 1 keys (0 volatile) in 4 slots HT.
[11934] 09 Feb 05:42:59 - 1 clients connected (0 slaves), 732856 bytes in use
[11934] 09 Feb 05:43:04 - DB 0: 1 keys (0 volatile) in 4 slots HT.
[11934] 09 Feb 05:43:04 - 1 clients connected (0 slaves), 732856 bytes in use
[11934] 09 Feb 05:43:09 - DB 0: 1 keys (0 volatile) in 4 slots HT.
[11934] 09 Feb 05:43:09 - 1 clients connected (0 slaves), 732856 bytes in use
[11934] 09 Feb 05:43:14 - DB 0: 1 keys (0 volatile) in 4 slots HT.
[11934] 09 Feb 05:43:14 - 1 clients connected (0 slaves), 732856 bytes in use
[11934] 09 Feb 05:43:19 - DB 0: 1 keys (0 volatile) in 4 slots HT.
[11934] 09 Feb 05:43:19 - 1 clients connected (0 slaves), 732856 bytes in use
[11934] 09 Feb 05:43:24 - DB 0: 1 keys (0 volatile) in 4 slots HT.
[11934] 09 Feb 05:43:24 - 1 clients connected (0 slaves), 732856 bytes in use
[11934] 09 Feb 05:43:29 - DB 0: 1 keys (0 volatile) in 4 slots HT.
[11934] 09 Feb 05:43:29 - 1 clients connected (0 slaves), 732856 bytes in use
[11934] 09 Feb 05:43:34 - DB 0: 1 keys (0 volatile) in 4 slots HT.
[11934] 09 Feb 05:43:34 - 1 clients connected (0 slaves), 732856 bytes in use
[11934] 09 Feb 05:43:39 - DB 0: 1 keys (0 volatile) in 4 slots HT.
[11934] 09 Feb 05:43:39 - 1 clients connected (0 slaves), 732856 bytes in use
[11934] 09 Feb 05:43:44 - DB 0: 1 keys (0 volatile) in 4 slots HT.
[11934] 09 Feb 05:43:44 - 1 clients connected (0 slaves), 732856 bytes in use
[11934] 09 Feb 05:43:49 - DB 0: 1 keys (0 volatile) in 4 slots HT.
[11934] 09 Feb 05:43:49 - 1 clients connected (0 slaves), 732856 bytes in use
[11934] 09 Feb 05:43:53 - Client closed connection
[11934] 09 Feb 05:43:54 - DB 0: 1 keys (0 volatile) in 4 slots HT.
[11934] 09 Feb 05:43:54 - 0 clients connected (0 slaves), 723544 bytes in use
[11934] 09 Feb 05:43:54 - Accepted 127.0.0.1:58735
[11934] 09 Feb 05:43:59 - DB 0: 1 keys (0 volatile) in 4 slots HT.
[11934] 09 Feb 05:43:59 - 1 clients connected (0 slaves), 732112 bytes in use
[11934] 09 Feb 05:44:04 - DB 0: 1 keys (0 volatile) in 4 slots HT.
[11934] 09 Feb 05:44:04 - 1 clients connected (0 slaves), 733160 bytes in use
[11934] 09 Feb 05:44:09 - DB 0: 1 keys (0 volatile) in 4 slots HT.
[11934] 09 Feb 05:44:09 - 1 clients connected (0 slaves), 733160 bytes in use
[11934] 09 Feb 05:44:14 - DB 0: 1 keys (0 volatile) in 4 slots HT.
[11934] 09 Feb 05:44:14 - 1 clients connected (0 slaves), 733160 bytes in use
[11934] 09 Feb 05:44:19 - DB 0: 1 keys (0 volatile) in 4 slots HT.
[11934] 09 Feb 05:44:19 - 1 clients connected (0 slaves), 733160 bytes in use
[11934] 09 Feb 05:44:24 - DB 0: 1 keys (0 volatile) in 4 slots HT.
[11934] 09 Feb 05:44:24 - 1 clients connected (0 slaves), 733160 bytes in use
[11934] 09 Feb 05:44:29 - DB 0: 1 keys (0 volatile) in 4 slots HT.
[11934] 09 Feb 05:44:29 - 1 clients connected (0 slaves), 733160 bytes in use
[11934] 09 Feb 05:44:34 - DB 0: 1 keys (0 volatile) in 4 slots HT.
[11934] 09 Feb 05:44:34 - 1 clients connected (0 slaves), 733160 bytes in use
[11934] 09 Feb 05:44:39 - DB 0: 1 keys (0 volatile) in 4 slots HT.
[11934] 09 Feb 05:44:39 - 1 clients connected (0 slaves), 733160 bytes in use
[11934] 09 Feb 05:44:44 - DB 0: 1 keys (0 volatile) in 4 slots HT.
[11934] 09 Feb 05:44:44 - 1 clients connected (0 slaves), 733160 bytes in use
[11934] 09 Feb 05:44:44 - Client closed connection
[11934] 09 Feb 05:44:45 - Accepted 127.0.0.1:58744
[11934] 09 Feb 05:44:49 - DB 0: 1 keys (0 volatile) in 4 slots HT.
[11934] 09 Feb 05:44:49 - 1 clients connected (0 slaves), 732416 bytes in use
[11934] 09 Feb 05:44:54 - DB 0: 1 keys (0 volatile) in 4 slots HT.
[11934] 09 Feb 05:44:54 - 1 clients connected (0 slaves), 733208 bytes in use
[11934] 09 Feb 05:44:59 - DB 0: 1 keys (0 volatile) in 4 slots HT.
[11934] 09 Feb 05:44:59 - 1 clients connected (0 slaves), 733208 bytes in use
[11934] 09 Feb 05:45:04 - DB 0: 1 keys (0 volatile) in 4 slots HT.
[11934] 09 Feb 05:45:04 - 1 clients connected (0 slaves), 733208 bytes in use
[11934] 09 Feb 05:45:09 - DB 0: 1 keys (0 volatile) in 4 slots HT.
[11934] 09 Feb 05:45:09 - 1 clients connected (0 slaves), 733208 bytes in use
[11934] 09 Feb 05:45:14 - DB 0: 1 keys (0 volatile) in 4 slots HT.
[11934] 09 Feb 05:45:14 - 1 clients connected (0 slaves), 733384 bytes in use
[11934] 09 Feb 05:45:19 - DB 0: 1 keys (0 volatile) in 4 slots HT.
[11934] 09 Feb 05:45:19 - 1 clients connected (0 slaves), 733384 bytes in use
[11934] 09 Feb 05:45:24 - DB 0: 1 keys (0 volatile) in 4 slots HT.
[11934] 09 Feb 05:45:24 - 1 clients connected (0 slaves), 733384 bytes in use
[11934] 09 Feb 05:45:29 - DB 0: 1 keys (0 volatile) in 4 slots HT.
[11934] 09 Feb 05:45:29 - 1 clients connected (0 slaves), 733384 bytes in use
[11934] 09 Feb 05:45:34 - DB 0: 1 keys (0 volatile) in 4 slots HT.
[11934] 09 Feb 05:45:34 - 1 clients connected (0 slaves), 733688 bytes in use
[11934] 09 Feb 05:45:39 - DB 0: 1 keys (0 volatile) in 4 slots HT.
[11934] 09 Feb 05:45:39 - 1 clients connected (0 slaves), 733688 bytes in use
[11934] 09 Feb 05:45:44 - DB 0: 1 keys (0 volatile) in 4 slots HT.
[11934] 09 Feb 05:45:44 - 1 clients connected (0 slaves), 733688 bytes in use
[11934] 09 Feb 05:45:49 - DB 0: 1 keys (0 volatile) in 4 slots HT.
[11934] 09 Feb 05:45:49 - 1 clients connected (0 slaves), 733688 bytes in use
[11934] 09 Feb 05:45:54 - DB 0: 1 keys (0 volatile) in 4 slots HT.
[11934] 09 Feb 05:45:54 - 1 clients connected (0 slaves), 733688 bytes in use
[11934] 09 Feb 05:45:59 - DB 0: 1 keys (0 volatile) in 4 slots HT.
[11934] 09 Feb 05:45:59 - 1 clients connected (0 slaves), 733688 bytes in use
[11934] 09 Feb 05:46:04 - DB 0: 1 keys (0 volatile) in 4 slots HT.
[11934] 09 Feb 05:46:04 - 1 clients connected (0 slaves), 733688 bytes in use
[11934] 09 Feb 05:46:09 - DB 0: 1 keys (0 volatile) in 4 slots HT.
[11934] 09 Feb 05:46:09 - 1 clients connected (0 slaves), 733688 bytes in use
[11934] 09 Feb 05:46:14 - DB 0: 1 keys (0 volatile) in 4 slots HT.
[11934] 09 Feb 05:46:14 - 1 clients connected (0 slaves), 733688 bytes in use
[11934] 09 Feb 05:46:19 - DB 0: 1 keys (0 volatile) in 4 slots HT.
[11934] 09 Feb 05:46:19 - 1 clients connected (0 slaves), 733688 bytes in use
[11934] 09 Feb 05:46:24 - DB 0: 1 keys (0 volatile) in 4 slots HT.
[11934] 09 Feb 05:46:24 - 1 clients connected (0 slaves), 733688 bytes in use
[11934] 09 Feb 05:46:29 - DB 0: 1 keys (0 volatile) in 4 slots HT.
[11934] 09 Feb 05:46:29 - 1 clients connected (0 slaves), 733688 bytes in use
[11934] 09 Feb 05:46:34 - DB 0: 1 keys (0 volatile) in 4 slots HT.
[11934] 09 Feb 05:46:34 - 1 clients connected (0 slaves), 733688 bytes in use
[11934] 09 Feb 05:46:39 - DB 0: 1 keys (0 volatile) in 4 slots HT.
[11934] 09 Feb 05:46:39 - 1 clients connected (0 slaves), 733688 bytes in use
[11934] 09 Feb 05:46:40 - Client closed connection
[11934] 09 Feb 05:46:41 - Accepted 127.0.0.1:58756
[11934] 09 Feb 05:46:44 - DB 0: 1 keys (0 volatile) in 4 slots HT.
[11934] 09 Feb 05:46:44 - 1 clients connected (0 slaves), 733200 bytes in use
[11934] 09 Feb 05:46:49 - DB 0: 1 keys (0 volatile) in 4 slots HT.
[11934] 09 Feb 05:46:49 - 1 clients connected (0 slaves), 733992 bytes in use
[11934] 09 Feb 05:46:54 - DB 0: 1 keys (0 volatile) in 4 slots HT.
[11934] 09 Feb 05:46:54 - 1 clients connected (0 slaves), 733992 bytes in use
[11934] 09 Feb 05:46:59 - DB 0: 1 keys (0 volatile) in 4 slots HT.
[11934] 09 Feb 05:46:59 - 1 clients connected (0 slaves), 733992 bytes in use
[11934] 09 Feb 05:47:04 - DB 0: 1 keys (0 volatile) in 4 slots HT.
[11934] 09 Feb 05:47:04 - 1 clients connected (0 slaves), 733992 bytes in use
[11934] 09 Feb 05:47:05 - Client closed connection
[11934] 09 Feb 05:47:06 - Accepted 127.0.0.1:58761
[11934] 09 Feb 05:47:09 - DB 0: 1 keys (0 volatile) in 4 slots HT.
[11934] 09 Feb 05:47:09 - 1 clients connected (0 slaves), 733504 bytes in use
[11934] 09 Feb 05:47:14 - DB 0: 1 keys (0 volatile) in 4 slots HT.
[11934] 09 Feb 05:47:14 - 1 clients connected (0 slaves), 733504 bytes in use
[11934] 09 Feb 05:47:19 - DB 0: 1 keys (0 volatile) in 4 slots HT.
[11934] 09 Feb 05:47:19 - 1 clients connected (0 slaves), 734552 bytes in use
[11934] 09 Feb 05:47:24 - DB 0: 1 keys (0 volatile) in 4 slots HT.
[11934] 09 Feb 05:47:24 - 1 clients connected (0 slaves), 734552 bytes in use
[11934] 09 Feb 05:47:29 - Client closed connection
[11934] 09 Feb 05:47:29 - DB 0: 1 keys (0 volatile) in 4 slots HT.
[11934] 09 Feb 05:47:29 - 0 clients connected (0 slaves), 725240 bytes in use
[11934] 09 Feb 05:47:30 - Accepted 127.0.0.1:58767
[11934] 09 Feb 05:47:34 - DB 0: 1 keys (0 volatile) in 4 slots HT.
[11934] 09 Feb 05:47:34 - 1 clients connected (0 slaves), 733808 bytes in use
[11934] 09 Feb 05:47:36 - Client closed connection
[11934] 09 Feb 05:47:37 - Accepted 127.0.0.1:58768
[11934] 09 Feb 05:47:39 - DB 0: 1 keys (0 volatile) in 4 slots HT.
[11934] 09 Feb 05:47:39 - 1 clients connected (0 slaves), 734856 bytes in use
[11934] 09 Feb 05:47:44 - DB 0: 1 keys (0 volatile) in 4 slots HT.
[11934] 09 Feb 05:47:44 - 1 clients connected (0 slaves), 734856 bytes in use
[11934] 09 Feb 05:47:49 - DB 0: 1 keys (0 volatile) in 4 slots HT.
[11934] 09 Feb 05:47:49 - 1 clients connected (0 slaves), 734856 bytes in use
[11934] 09 Feb 05:47:54 - DB 0: 1 keys (0 volatile) in 4 slots HT.
[11934] 09 Feb 05:47:54 - 1 clients connected (0 slaves), 734856 bytes in use
[11934] 09 Feb 05:47:59 - DB 0: 1 keys (0 volatile) in 4 slots HT.
[11934] 09 Feb 05:47:59 - 1 clients connected (0 slaves), 734856 bytes in use
[11934] 09 Feb 05:48:04 - DB 0: 1 keys (0 volatile) in 4 slots HT.
[11934] 09 Feb 05:48:04 - 1 clients connected (0 slaves), 734856 bytes in use
[11934] 09 Feb 05:48:09 - DB 0: 1 keys (0 volatile) in 4 slots HT.
[11934] 09 Feb 05:48:09 - 1 clients connected (0 slaves), 734856 bytes in use
[11934] 09 Feb 05:48:14 - DB 0: 1 keys (0 volatile) in 4 slots HT.
[11934] 09 Feb 05:48:14 - 1 clients connected (0 slaves), 734856 bytes in use
[11934] 09 Feb 05:48:19 - DB 0: 1 keys (0 volatile) in 4 slots HT.
[11934] 09 Feb 05:48:19 - 1 clients connected (0 slaves), 734856 bytes in use
[11934] 09 Feb 05:48:24 - DB 0: 1 keys (0 volatile) in 4 slots HT.
[11934] 09 Feb 05:48:24 - 1 clients connected (0 slaves), 734856 bytes in use
[11934] 09 Feb 05:48:29 - DB 0: 1 keys (0 volatile) in 4 slots HT.
[11934] 09 Feb 05:48:29 - 1 clients connected (0 slaves), 734856 bytes in use
[11934] 09 Feb 05:48:34 - DB 0: 1 keys (0 volatile) in 4 slots HT.
[11934] 09 Feb 05:48:34 - 1 clients connected (0 slaves), 734856 bytes in use
[11934] 09 Feb 05:48:39 - DB 0: 1 keys (0 volatile) in 4 slots HT.
[11934] 09 Feb 05:48:39 - 1 clients connected (0 slaves), 734856 bytes in use
[11934] 09 Feb 05:48:44 - DB 0: 1 keys (0 volatile) in 4 slots HT.
[11934] 09 Feb 05:48:44 - 1 clients connected (0 slaves), 734856 bytes in use
[11934] 09 Feb 05:48:49 - DB 0: 1 keys (0 volatile) in 4 slots HT.
[11934] 09 Feb 05:48:49 - 1 clients connected (0 slaves), 734856 bytes in use
[11934] 09 Feb 05:48:54 - DB 0: 1 keys (0 volatile) in 4 slots HT.
[11934] 09 Feb 05:48:54 - 1 clients connected (0 slaves), 734856 bytes in use
[11934] 09 Feb 05:48:59 - DB 0: 1 keys (0 volatile) in 4 slots HT.
[11934] 09 Feb 05:48:59 - 1 clients connected (0 slaves), 734856 bytes in use
[11934] 09 Feb 05:49:04 - DB 0: 1 keys (0 volatile) in 4 slots HT.
[11934] 09 Feb 05:49:04 - 1 clients connected (0 slaves), 734856 bytes in use
[11934] 09 Feb 05:49:09 - DB 0: 1 keys (0 volatile) in 4 slots HT.
[11934] 09 Feb 05:49:09 - 1 clients connected (0 slaves), 734856 bytes in use
[11934] 09 Feb 05:49:14 - DB 0: 1 keys (0 volatile) in 4 slots HT.
[11934] 09 Feb 05:49:14 - 1 clients connected (0 slaves), 734856 bytes in use
[11934] 09 Feb 05:49:19 - Client closed connection
[11934] 09 Feb 05:49:19 - DB 0: 1 keys (0 volatile) in 4 slots HT.
[11934] 09 Feb 05:49:19 - 0 clients connected (0 slaves), 725544 bytes in use
[11934] 09 Feb 05:49:20 - Accepted 127.0.0.1:58894
[11934] 09 Feb 05:49:24 - DB 0: 1 keys (0 volatile) in 4 slots HT.
[11934] 09 Feb 05:49:24 - 1 clients connected (0 slaves), 735160 bytes in use
[11934] 09 Feb 05:49:29 - DB 0: 1 keys (0 volatile) in 4 slots HT.
[11934] 09 Feb 05:49:29 - 1 clients connected (0 slaves), 735160 bytes in use
[11934] 09 Feb 05:49:34 - DB 0: 1 keys (0 volatile) in 4 slots HT.
[11934] 09 Feb 05:49:34 - 1 clients connected (0 slaves), 735160 bytes in use
[11934] 09 Feb 05:49:39 - DB 0: 1 keys (0 volatile) in 4 slots HT.
[11934] 09 Feb 05:49:39 - 1 clients connected (0 slaves), 735160 bytes in use
[11934] 09 Feb 05:49:44 - DB 0: 1 keys (0 volatile) in 4 slots HT.
[11934] 09 Feb 05:49:44 - 1 clients connected (0 slaves), 735160 bytes in use
[11934] 09 Feb 05:49:49 - DB 0: 1 keys (0 volatile) in 4 slots HT.
[11934] 09 Feb 05:49:49 - 1 clients connected (0 slaves), 735160 bytes in use
[11934] 09 Feb 05:49:54 - DB 0: 1 keys (0 volatile) in 4 slots HT.
[11934] 09 Feb 05:49:54 - 1 clients connected (0 slaves), 735160 bytes in use
[11934] 09 Feb 05:49:59 - DB 0: 1 keys (0 volatile) in 4 slots HT.
[11934] 09 Feb 05:49:59 - 1 clients connected (0 slaves), 735160 bytes in use
[11934] 09 Feb 05:50:04 - DB 0: 1 keys (0 volatile) in 4 slots HT.
[11934] 09 Feb 05:50:04 - 1 clients connected (0 slaves), 735160 bytes in use
[11934] 09 Feb 05:50:09 - DB 0: 1 keys (0 volatile) in 4 slots HT.
[11934] 09 Feb 05:50:09 - 1 clients connected (0 slaves), 735160 bytes in use
[11934] 09 Feb 05:50:14 - DB 0: 1 keys (0 volatile) in 4 slots HT.
[11934] 09 Feb 05:50:14 - 1 clients connected (0 slaves), 735160 bytes in use
[11934] 09 Feb 05:50:19 - DB 0: 1 keys (0 volatile) in 4 slots HT.
[11934] 09 Feb 05:50:19 - 1 clients connected (0 slaves), 735160 bytes in use
[11934] 09 Feb 05:50:24 - DB 0: 1 keys (0 volatile) in 4 slots HT.
[11934] 09 Feb 05:50:24 - 1 clients connected (0 slaves), 735160 bytes in use
[11934] 09 Feb 05:50:29 - DB 0: 1 keys (0 volatile) in 4 slots HT.
[11934] 09 Feb 05:50:29 - 1 clients connected (0 slaves), 735160 bytes in use
[11934] 09 Feb 05:50:34 - DB 0: 1 keys (0 volatile) in 4 slots HT.
[11934] 09 Feb 05:50:34 - 1 clients connected (0 slaves), 735160 bytes in use
[11934] 09 Feb 05:50:39 - DB 0: 1 keys (0 volatile) in 4 slots HT.
[11934] 09 Feb 05:50:39 - 1 clients connected (0 slaves), 735160 bytes in use
[11934] 09 Feb 05:50:44 - DB 0: 1 keys (0 volatile) in 4 slots HT.
[11934] 09 Feb 05:50:44 - 1 clients connected (0 slaves), 735160 bytes in use
[11934] 09 Feb 05:50:49 - DB 0: 1 keys (0 volatile) in 4 slots HT.
[11934] 09 Feb 05:50:49 - 1 clients connected (0 slaves), 735160 bytes in use
[11934] 09 Feb 05:50:54 - DB 0: 1 keys (0 volatile) in 4 slots HT.
[11934] 09 Feb 05:50:54 - 1 clients connected (0 slaves), 735160 bytes in use
[11934] 09 Feb 05:50:59 - DB 0: 1 keys (0 volatile) in 4 slots HT.
[11934] 09 Feb 05:50:59 - 1 clients connected (0 slaves), 735160 bytes in use
[11934] 09 Feb 05:51:04 - DB 0: 1 keys (0 volatile) in 4 slots HT.
[11934] 09 Feb 05:51:04 - 1 clients connected (0 slaves), 735160 bytes in use
[11934] 09 Feb 05:51:09 - DB 0: 1 keys (0 volatile) in 4 slots HT.
[11934] 09 Feb 05:51:09 - 1 clients connected (0 slaves), 735160 bytes in use
[11934] 09 Feb 05:51:14 - DB 0: 1 keys (0 volatile) in 4 slots HT.
[11934] 09 Feb 05:51:14 - 1 clients connected (0 slaves), 735160 bytes in use
[11934] 09 Feb 05:51:19 - DB 0: 1 keys (0 volatile) in 4 slots HT.
[11934] 09 Feb 05:51:19 - 1 clients connected (0 slaves), 735160 bytes in use
[11934] 09 Feb 05:51:24 - DB 0: 1 keys (0 volatile) in 4 slots HT.
[11934] 09 Feb 05:51:24 - 1 clients connected (0 slaves), 735160 bytes in use
[11934] 09 Feb 05:51:29 - DB 0: 1 keys (0 volatile) in 4 slots HT.
[11934] 09 Feb 05:51:29 - 1 clients connected (0 slaves), 735160 bytes in use
[11934] 09 Feb 05:51:34 - DB 0: 1 keys (0 volatile) in 4 slots HT.
[11934] 09 Feb 05:51:34 - 1 clients connected (0 slaves), 735160 bytes in use
[11934] 09 Feb 05:51:39 - DB 0: 1 keys (0 volatile) in 4 slots HT.
[11934] 09 Feb 05:51:39 - 1 clients connected (0 slaves), 735160 bytes in use
[11934] 09 Feb 05:51:44 - DB 0: 1 keys (0 volatile) in 4 slots HT.
[11934] 09 Feb 05:51:44 - 1 clients connected (0 slaves), 735160 bytes in use
[11934] 09 Feb 05:51:49 - DB 0: 1 keys (0 volatile) in 4 slots HT.
[11934] 09 Feb 05:51:49 - 1 clients connected (0 slaves), 735160 bytes in use
[11934] 09 Feb 05:51:54 - DB 0: 1 keys (0 volatile) in 4 slots HT.
[11934] 09 Feb 05:51:54 - 1 clients connected (0 slaves), 735160 bytes in use
[11934] 09 Feb 05:51:59 - DB 0: 1 keys (0 volatile) in 4 slots HT.
[11934] 09 Feb 05:51:59 - 1 clients connected (0 slaves), 735160 bytes in use
[11934] 09 Feb 05:52:04 - Client closed connection
[11934] 09 Feb 05:52:04 - DB 0: 1 keys (0 volatile) in 4 slots HT.
[11934] 09 Feb 05:52:04 - 0 clients connected (0 slaves), 725848 bytes in use
[11934] 09 Feb 05:52:09 - DB 0: 1 keys (0 volatile) in 4 slots HT.
[11934] 09 Feb 05:52:09 - 0 clients connected (0 slaves), 725848 bytes in use
[11934] 09 Feb 05:52:14 - DB 0: 1 keys (0 volatile) in 4 slots HT.
[11934] 09 Feb 05:52:14 - 0 clients connected (0 slaves), 725848 bytes in use
[11934] 09 Feb 05:52:19 - DB 0: 1 keys (0 volatile) in 4 slots HT.
[11934] 09 Feb 05:52:19 - 0 clients connected (0 slaves), 725848 bytes in use
